{
  "/home/clochard/dev/node/new-api/src/app.ts": {
    "path": "/home/clochard/dev/node/new-api/src/app.ts",
    "statementMap": {
      "0": {
        "start": { "line": 1, "column": 0 },
        "end": { "line": 1, "column": null }
      },
      "1": {
        "start": { "line": 2, "column": 0 },
        "end": { "line": 2, "column": null }
      },
      "2": {
        "start": { "line": 3, "column": 0 },
        "end": { "line": 3, "column": null }
      },
      "3": {
        "start": { "line": 4, "column": 0 },
        "end": { "line": 4, "column": null }
      },
      "4": {
        "start": { "line": 6, "column": 0 },
        "end": { "line": 6, "column": null }
      },
      "5": {
        "start": { "line": 7, "column": 0 },
        "end": { "line": 7, "column": null }
      },
      "6": {
        "start": { "line": 8, "column": 0 },
        "end": { "line": 8, "column": null }
      },
      "7": {
        "start": { "line": 10, "column": 22 },
        "end": { "line": 10, "column": null }
      },
      "8": {
        "start": { "line": 14, "column": 20 },
        "end": { "line": 14, "column": null }
      },
      "9": {
        "start": { "line": 15, "column": 0 },
        "end": { "line": 18, "column": null }
      },
      "10": {
        "start": { "line": 16, "column": 2 },
        "end": { "line": 16, "column": 6 }
      },
      "11": {
        "start": { "line": 17, "column": 2 },
        "end": { "line": 17, "column": 15 }
      },
      "12": {
        "start": { "line": 19, "column": 12 },
        "end": { "line": 19, "column": 16 }
      },
      "13": {
        "start": { "line": 20, "column": 0 },
        "end": { "line": 20, "column": 3 }
      },
      "14": {
        "start": { "line": 26, "column": 0 },
        "end": { "line": 26, "column": 3 }
      },
      "15": {
        "start": { "line": 28, "column": 0 },
        "end": { "line": 28, "column": 3 }
      },
      "16": {
        "start": { "line": 30, "column": 0 },
        "end": { "line": 30, "column": 3 }
      },
      "17": {
        "start": { "line": 31, "column": 0 },
        "end": { "line": 31, "column": 7 }
      },
      "18": {
        "start": { "line": 32, "column": 0 },
        "end": { "line": 32, "column": 3 }
      },
      "19": {
        "start": { "line": 34, "column": 12 },
        "end": { "line": 34, "column": null }
      },
      "20": {
        "start": { "line": 36, "column": 0 },
        "end": { "line": 36, "column": 3 }
      },
      "21": {
        "start": { "line": 37, "column": 0 },
        "end": { "line": 37, "column": 3 }
      },
      "22": {
        "start": { "line": 38, "column": 0 },
        "end": { "line": 38, "column": 3 }
      },
      "23": {
        "start": { "line": 44, "column": 0 },
        "end": { "line": 44, "column": 3 }
      },
      "24": {
        "start": { "line": 45, "column": 2 },
        "end": { "line": 45, "column": 5 }
      },
      "25": {
        "start": { "line": 47, "column": 0 },
        "end": { "line": 47, "column": 3 }
      },
      "26": {
        "start": { "line": 47, "column": 8 },
        "end": { "line": 47, "column": 9 }
      },
      "27": {
        "start": { "line": 49, "column": 15 },
        "end": { "line": 49, "column": null }
      }
    },
    "fnMap": {
      "0": {
        "name": "(anonymous_0)",
        "decl": {
          "start": { "line": 44, "column": 23 },
          "end": { "line": 44, "column": 33 }
        },
        "loc": {
          "start": { "line": 44, "column": 43 },
          "end": { "line": 46, "column": null }
        }
      },
      "1": {
        "name": "(anonymous_1)",
        "decl": {
          "start": { "line": 47, "column": 8 },
          "end": { "line": 47, "column": 9 }
        },
        "loc": {
          "start": { "line": 47, "column": 8 },
          "end": { "line": 47, "column": 9 }
        }
      }
    },
    "branchMap": {
      "0": {
        "loc": {
          "start": { "line": 15, "column": 0 },
          "end": { "line": 18, "column": null }
        },
        "type": "if",
        "locations": [
          {
            "start": { "line": 15, "column": 0 },
            "end": { "line": 18, "column": null }
          }
        ]
      }
    },
    "s": {
      "0": 1,
      "1": 1,
      "2": 1,
      "3": 1,
      "4": 1,
      "5": 1,
      "6": 1,
      "7": 1,
      "8": 1,
      "9": 1,
      "10": 0,
      "11": 0,
      "12": 1,
      "13": 1,
      "14": 1,
      "15": 1,
      "16": 1,
      "17": 1,
      "18": 1,
      "19": 1,
      "20": 1,
      "21": 1,
      "22": 1,
      "23": 1,
      "24": 0,
      "25": 1,
      "26": 1,
      "27": 1
    },
    "f": { "0": 0, "1": 1 },
    "b": { "0": [0] }
  },
  "/home/clochard/dev/node/new-api/src/config.ts": {
    "path": "/home/clochard/dev/node/new-api/src/config.ts",
    "statementMap": {
      "0": {
        "start": { "line": 1, "column": 0 },
        "end": { "line": 1, "column": null }
      },
      "1": {
        "start": { "line": 3, "column": 0 },
        "end": { "line": 3, "column": 7 }
      },
      "2": {
        "start": { "line": 34, "column": 4 },
        "end": { "line": 34, "column": null }
      },
      "3": {
        "start": { "line": 62, "column": 0 },
        "end": { "line": 67, "column": null }
      },
      "4": {
        "start": { "line": 63, "column": 2 },
        "end": { "line": 63, "column": 8 }
      },
      "5": {
        "start": { "line": 69, "column": 0 },
        "end": { "line": 71, "column": null }
      },
      "6": {
        "start": { "line": 70, "column": 2 },
        "end": { "line": 70, "column": 8 }
      },
      "7": {
        "start": { "line": 73, "column": 15 },
        "end": { "line": 73, "column": null }
      }
    },
    "fnMap": {},
    "branchMap": {
      "0": {
        "loc": {
          "start": { "line": 35, "column": 8 },
          "end": { "line": 35, "column": null }
        },
        "type": "binary-expr",
        "locations": [
          {
            "start": { "line": 35, "column": 8 },
            "end": { "line": 35, "column": 28 }
          },
          {
            "start": { "line": 35, "column": 28 },
            "end": { "line": 35, "column": null }
          }
        ]
      },
      "1": {
        "loc": {
          "start": { "line": 38, "column": 9 },
          "end": { "line": 38, "column": null }
        },
        "type": "binary-expr",
        "locations": [
          {
            "start": { "line": 38, "column": 9 },
            "end": { "line": 38, "column": 37 }
          },
          {
            "start": { "line": 38, "column": 37 },
            "end": { "line": 38, "column": null }
          }
        ]
      },
      "2": {
        "loc": {
          "start": { "line": 40, "column": 13 },
          "end": { "line": 40, "column": null }
        },
        "type": "binary-expr",
        "locations": [
          {
            "start": { "line": 40, "column": 13 },
            "end": { "line": 40, "column": 48 }
          },
          {
            "start": { "line": 40, "column": 48 },
            "end": { "line": 40, "column": null }
          }
        ]
      },
      "3": {
        "loc": {
          "start": { "line": 41, "column": 12 },
          "end": { "line": 41, "column": null }
        },
        "type": "binary-expr",
        "locations": [
          {
            "start": { "line": 41, "column": 12 },
            "end": { "line": 41, "column": 47 }
          },
          {
            "start": { "line": 41, "column": 47 },
            "end": { "line": 41, "column": null }
          }
        ]
      },
      "4": {
        "loc": {
          "start": { "line": 43, "column": 22 },
          "end": { "line": 43, "column": null }
        },
        "type": "binary-expr",
        "locations": [
          {
            "start": { "line": 43, "column": 22 },
            "end": { "line": 43, "column": 54 }
          },
          {
            "start": { "line": 43, "column": 54 },
            "end": { "line": 43, "column": null }
          }
        ]
      },
      "5": {
        "loc": {
          "start": { "line": 46, "column": 12 },
          "end": { "line": 46, "column": null }
        },
        "type": "binary-expr",
        "locations": [
          {
            "start": { "line": 46, "column": 12 },
            "end": { "line": 46, "column": 38 }
          },
          {
            "start": { "line": 46, "column": 38 },
            "end": { "line": 46, "column": null }
          }
        ]
      },
      "6": {
        "loc": {
          "start": { "line": 49, "column": 19 },
          "end": { "line": 49, "column": null }
        },
        "type": "binary-expr",
        "locations": [
          {
            "start": { "line": 49, "column": 19 },
            "end": { "line": 49, "column": 51 }
          },
          {
            "start": { "line": 49, "column": 51 },
            "end": { "line": 49, "column": null }
          }
        ]
      },
      "7": {
        "loc": {
          "start": { "line": 50, "column": 20 },
          "end": { "line": 50, "column": null }
        },
        "type": "binary-expr",
        "locations": [
          {
            "start": { "line": 50, "column": 20 },
            "end": { "line": 50, "column": 53 }
          },
          {
            "start": { "line": 50, "column": 53 },
            "end": { "line": 50, "column": null }
          }
        ]
      },
      "8": {
        "loc": {
          "start": { "line": 53, "column": 10 },
          "end": { "line": 53, "column": null }
        },
        "type": "binary-expr",
        "locations": [
          {
            "start": { "line": 53, "column": 10 },
            "end": { "line": 53, "column": 33 }
          },
          {
            "start": { "line": 53, "column": 33 },
            "end": { "line": 53, "column": null }
          }
        ]
      },
      "9": {
        "loc": {
          "start": { "line": 54, "column": 10 },
          "end": { "line": 54, "column": null }
        },
        "type": "cond-expr",
        "locations": [
          {
            "start": { "line": 54, "column": 32 },
            "end": { "line": 54, "column": 41 }
          },
          {
            "start": { "line": 54, "column": 64 },
            "end": { "line": 54, "column": null }
          }
        ]
      },
      "10": {
        "loc": {
          "start": { "line": 55, "column": 10 },
          "end": { "line": 55, "column": null }
        },
        "type": "binary-expr",
        "locations": [
          {
            "start": { "line": 55, "column": 10 },
            "end": { "line": 55, "column": 33 }
          },
          {
            "start": { "line": 55, "column": 33 },
            "end": { "line": 55, "column": null }
          }
        ]
      },
      "11": {
        "loc": {
          "start": { "line": 56, "column": 14 },
          "end": { "line": 56, "column": null }
        },
        "type": "binary-expr",
        "locations": [
          {
            "start": { "line": 56, "column": 14 },
            "end": { "line": 56, "column": 41 }
          },
          {
            "start": { "line": 56, "column": 41 },
            "end": { "line": 56, "column": null }
          }
        ]
      },
      "12": {
        "loc": {
          "start": { "line": 57, "column": 14 },
          "end": { "line": 57, "column": null }
        },
        "type": "binary-expr",
        "locations": [
          {
            "start": { "line": 57, "column": 14 },
            "end": { "line": 57, "column": 37 }
          },
          {
            "start": { "line": 57, "column": 37 },
            "end": { "line": 57, "column": null }
          }
        ]
      },
      "13": {
        "loc": {
          "start": { "line": 59, "column": 13 },
          "end": { "line": 59, "column": null }
        },
        "type": "binary-expr",
        "locations": [
          {
            "start": { "line": 59, "column": 13 },
            "end": { "line": 59, "column": 38 }
          },
          {
            "start": { "line": 59, "column": 38 },
            "end": { "line": 59, "column": null }
          }
        ]
      },
      "14": {
        "loc": {
          "start": { "line": 62, "column": 0 },
          "end": { "line": 67, "column": null }
        },
        "type": "if",
        "locations": [
          {
            "start": { "line": 62, "column": 0 },
            "end": { "line": 67, "column": null }
          }
        ]
      },
      "15": {
        "loc": {
          "start": { "line": 62, "column": 4 },
          "end": { "line": 62, "column": 54 }
        },
        "type": "binary-expr",
        "locations": [
          {
            "start": { "line": 62, "column": 4 },
            "end": { "line": 62, "column": 29 }
          },
          {
            "start": { "line": 62, "column": 29 },
            "end": { "line": 62, "column": 54 }
          }
        ]
      },
      "16": {
        "loc": {
          "start": { "line": 64, "column": 11 },
          "end": { "line": 64, "column": null }
        },
        "type": "binary-expr",
        "locations": [
          {
            "start": { "line": 64, "column": 11 },
            "end": { "line": 64, "column": 36 }
          },
          {
            "start": { "line": 64, "column": 36 },
            "end": { "line": 64, "column": null }
          }
        ]
      },
      "17": {
        "loc": {
          "start": { "line": 65, "column": 13 },
          "end": { "line": 65, "column": null }
        },
        "type": "binary-expr",
        "locations": [
          {
            "start": { "line": 65, "column": 13 },
            "end": { "line": 65, "column": 40 }
          },
          {
            "start": { "line": 65, "column": 40 },
            "end": { "line": 65, "column": null }
          }
        ]
      },
      "18": {
        "loc": {
          "start": { "line": 69, "column": 0 },
          "end": { "line": 71, "column": null }
        },
        "type": "if",
        "locations": [
          {
            "start": { "line": 69, "column": 0 },
            "end": { "line": 71, "column": null }
          }
        ]
      },
      "19": {
        "loc": {
          "start": { "line": 70, "column": 19 },
          "end": { "line": 70, "column": null }
        },
        "type": "binary-expr",
        "locations": [
          {
            "start": { "line": 70, "column": 19 },
            "end": { "line": 70, "column": 43 }
          },
          {
            "start": { "line": 70, "column": 43 },
            "end": { "line": 70, "column": null }
          }
        ]
      }
    },
    "s": { "0": 2, "1": 2, "2": 2, "3": 2, "4": 0, "5": 2, "6": 0, "7": 2 },
    "f": {},
    "b": {
      "0": [2, 0],
      "1": [2, 0],
      "2": [2, 0],
      "3": [2, 0],
      "4": [2, 0],
      "5": [2, 0],
      "6": [2, 0],
      "7": [2, 0],
      "8": [2, 0],
      "9": [2, 0],
      "10": [2, 0],
      "11": [2, 0],
      "12": [2, 0],
      "13": [2, 0],
      "14": [0],
      "15": [2, 0],
      "16": [0, 0],
      "17": [0, 0],
      "18": [0],
      "19": [0, 0]
    }
  },
  "/home/clochard/dev/node/new-api/src/features/db/index.ts": {
    "path": "/home/clochard/dev/node/new-api/src/features/db/index.ts",
    "statementMap": {
      "0": {
        "start": { "line": 1, "column": 0 },
        "end": { "line": 1, "column": null }
      },
      "1": {
        "start": { "line": 3, "column": 0 },
        "end": { "line": 3, "column": null }
      },
      "2": {
        "start": { "line": 5, "column": 22 },
        "end": { "line": 5, "column": 23 }
      },
      "3": {
        "start": { "line": 8, "column": 21 },
        "end": { "line": 17, "column": null }
      },
      "4": {
        "start": { "line": 9, "column": 21 },
        "end": { "line": 9, "column": 27 }
      },
      "5": {
        "start": { "line": 10, "column": 2 },
        "end": { "line": 10, "column": 12 }
      },
      "6": {
        "start": { "line": 11, "column": 2 },
        "end": { "line": 11, "column": 9 }
      },
      "7": {
        "start": { "line": 12, "column": 4 },
        "end": { "line": 12, "column": 11 }
      },
      "8": {
        "start": { "line": 13, "column": 6 },
        "end": { "line": 13, "column": 24 }
      },
      "9": {
        "start": { "line": 13, "column": 17 },
        "end": { "line": 13, "column": 24 }
      },
      "10": {
        "start": { "line": 14, "column": 6 },
        "end": { "line": 14, "column": 13 }
      },
      "11": {
        "start": { "line": 16, "column": 13 },
        "end": { "line": 16, "column": 19 }
      },
      "12": {
        "start": { "line": 19, "column": 22 },
        "end": { "line": 33, "column": null }
      },
      "13": {
        "start": { "line": 20, "column": 21 },
        "end": { "line": 20, "column": 27 }
      },
      "14": {
        "start": { "line": 21, "column": 2 },
        "end": { "line": 21, "column": 12 }
      },
      "15": {
        "start": { "line": 22, "column": 2 },
        "end": { "line": 22, "column": 9 }
      },
      "16": {
        "start": { "line": 23, "column": 16 },
        "end": { "line": 23, "column": null }
      },
      "17": {
        "start": { "line": 24, "column": 18 },
        "end": { "line": 24, "column": 24 }
      },
      "18": {
        "start": { "line": 25, "column": 4 },
        "end": { "line": 25, "column": 11 }
      },
      "19": {
        "start": { "line": 26, "column": 6 },
        "end": { "line": 26, "column": 24 }
      },
      "20": {
        "start": { "line": 26, "column": 17 },
        "end": { "line": 26, "column": 24 }
      },
      "21": {
        "start": { "line": 27, "column": 6 },
        "end": { "line": 29, "column": null }
      },
      "22": {
        "start": { "line": 28, "column": 8 },
        "end": { "line": 28, "column": 15 }
      },
      "23": {
        "start": { "line": 30, "column": 6 },
        "end": { "line": 30, "column": 13 }
      },
      "24": {
        "start": { "line": 32, "column": 13 },
        "end": { "line": 32, "column": 19 }
      }
    },
    "fnMap": {
      "0": {
        "name": "format",
        "decl": {
          "start": { "line": 5, "column": 13 },
          "end": { "line": 5, "column": 19 }
        },
        "loc": {
          "start": { "line": 5, "column": 22 },
          "end": { "line": 5, "column": 23 }
        }
      },
      "1": {
        "name": "query",
        "decl": {
          "start": { "line": 8, "column": 21 },
          "end": { "line": 8, "column": 22 }
        },
        "loc": {
          "start": { "line": 8, "column": 54 },
          "end": { "line": 17, "column": null }
        }
      },
      "2": {
        "name": "(anonymous_2)",
        "decl": {
          "start": { "line": 11, "column": 21 },
          "end": { "line": 11, "column": 22 }
        },
        "loc": {
          "start": { "line": 11, "column": 42 },
          "end": { "line": 16, "column": 13 }
        }
      },
      "3": {
        "name": "(anonymous_3)",
        "decl": {
          "start": { "line": 12, "column": 35 },
          "end": { "line": 12, "column": 45 }
        },
        "loc": {
          "start": { "line": 12, "column": 61 },
          "end": { "line": 15, "column": null }
        }
      },
      "4": {
        "name": "(anonymous_4)",
        "decl": {
          "start": { "line": 16, "column": 13 },
          "end": { "line": 16, "column": 19 }
        },
        "loc": {
          "start": { "line": 16, "column": 13 },
          "end": { "line": 16, "column": 19 }
        }
      },
      "5": {
        "name": "insert",
        "decl": {
          "start": { "line": 19, "column": 13 },
          "end": { "line": 19, "column": 19 }
        },
        "loc": {
          "start": { "line": 19, "column": 66 },
          "end": { "line": 33, "column": null }
        }
      },
      "6": {
        "name": "(anonymous_6)",
        "decl": {
          "start": { "line": 22, "column": 21 },
          "end": { "line": 22, "column": 22 }
        },
        "loc": {
          "start": { "line": 22, "column": 42 },
          "end": { "line": 32, "column": 13 }
        }
      },
      "7": {
        "name": "(anonymous_7)",
        "decl": {
          "start": { "line": 25, "column": 35 },
          "end": { "line": 25, "column": 45 }
        },
        "loc": {
          "start": { "line": 25, "column": 61 },
          "end": { "line": 31, "column": null }
        }
      },
      "8": {
        "name": "(anonymous_8)",
        "decl": {
          "start": { "line": 32, "column": 13 },
          "end": { "line": 32, "column": 19 }
        },
        "loc": {
          "start": { "line": 32, "column": 13 },
          "end": { "line": 32, "column": 19 }
        }
      }
    },
    "branchMap": {
      "0": {
        "loc": {
          "start": { "line": 13, "column": 6 },
          "end": { "line": 13, "column": 24 }
        },
        "type": "if",
        "locations": [
          {
            "start": { "line": 13, "column": 6 },
            "end": { "line": 13, "column": 24 }
          }
        ]
      },
      "1": {
        "loc": {
          "start": { "line": 26, "column": 6 },
          "end": { "line": 26, "column": 24 }
        },
        "type": "if",
        "locations": [
          {
            "start": { "line": 26, "column": 6 },
            "end": { "line": 26, "column": 24 }
          }
        ]
      },
      "2": {
        "loc": {
          "start": { "line": 27, "column": 6 },
          "end": { "line": 29, "column": null }
        },
        "type": "if",
        "locations": [
          {
            "start": { "line": 27, "column": 6 },
            "end": { "line": 29, "column": null }
          }
        ]
      }
    },
    "s": {
      "0": 2,
      "1": 2,
      "2": 2,
      "3": 2,
      "4": 0,
      "5": 0,
      "6": 0,
      "7": 0,
      "8": 0,
      "9": 0,
      "10": 0,
      "11": 0,
      "12": 2,
      "13": 0,
      "14": 0,
      "15": 0,
      "16": 0,
      "17": 0,
      "18": 0,
      "19": 0,
      "20": 0,
      "21": 0,
      "22": 0,
      "23": 0,
      "24": 0
    },
    "f": {
      "0": 0,
      "1": 0,
      "2": 0,
      "3": 0,
      "4": 0,
      "5": 0,
      "6": 0,
      "7": 0,
      "8": 0
    },
    "b": { "0": [0], "1": [0], "2": [0] }
  },
  "/home/clochard/dev/node/new-api/src/features/escapeCharacters/index.ts": {
    "path": "/home/clochard/dev/node/new-api/src/features/escapeCharacters/index.ts",
    "statementMap": {
      "0": {
        "start": { "line": 1, "column": 15 },
        "end": { "line": 12, "column": null }
      },
      "1": {
        "start": { "line": 2, "column": 12 },
        "end": { "line": 2, "column": null }
      },
      "2": {
        "start": { "line": 3, "column": 2 },
        "end": { "line": 3, "column": 7 }
      },
      "3": {
        "start": { "line": 6, "column": 6 },
        "end": { "line": 6, "column": 7 }
      },
      "4": {
        "start": { "line": 8, "column": 55 },
        "end": { "line": 8, "column": 56 }
      },
      "5": {
        "start": { "line": 9, "column": 2 },
        "end": { "line": 9, "column": 9 }
      },
      "6": {
        "start": { "line": 10, "column": 4 },
        "end": { "line": 10, "column": 11 }
      }
    },
    "fnMap": {
      "0": {
        "name": "_default",
        "decl": {
          "start": { "line": 1, "column": 15 },
          "end": { "line": 1, "column": 16 }
        },
        "loc": {
          "start": { "line": 1, "column": 34 },
          "end": { "line": 12, "column": null }
        }
      },
      "1": {
        "name": "(anonymous_1)",
        "decl": {
          "start": { "line": 6, "column": 6 },
          "end": { "line": 6, "column": 7 }
        },
        "loc": {
          "start": { "line": 6, "column": 6 },
          "end": { "line": 6, "column": 7 }
        }
      },
      "2": {
        "name": "(anonymous_2)",
        "decl": {
          "start": { "line": 8, "column": 55 },
          "end": { "line": 8, "column": 56 }
        },
        "loc": {
          "start": { "line": 8, "column": 55 },
          "end": { "line": 8, "column": 56 }
        }
      },
      "3": {
        "name": "(anonymous_3)",
        "decl": {
          "start": { "line": 9, "column": 42 },
          "end": { "line": 9, "column": 52 }
        },
        "loc": {
          "start": { "line": 9, "column": 55 },
          "end": { "line": 11, "column": null }
        }
      }
    },
    "branchMap": {},
    "s": { "0": 1, "1": 0, "2": 0, "3": 0, "4": 0, "5": 0, "6": 0 },
    "f": { "0": 0, "1": 0, "2": 0, "3": 0 },
    "b": {}
  },
  "/home/clochard/dev/node/new-api/src/features/mail/send/index.ts": {
    "path": "/home/clochard/dev/node/new-api/src/features/mail/send/index.ts",
    "statementMap": {
      "0": {
        "start": { "line": 1, "column": 0 },
        "end": { "line": 1, "column": null }
      },
      "1": {
        "start": { "line": 3, "column": 0 },
        "end": { "line": 3, "column": null }
      },
      "2": {
        "start": { "line": 5, "column": 0 },
        "end": { "line": 5, "column": 7 }
      },
      "3": {
        "start": { "line": 7, "column": 17 },
        "end": { "line": 7, "column": 20 }
      },
      "4": {
        "start": { "line": 7, "column": 20 },
        "end": { "line": 7, "column": null }
      },
      "5": {
        "start": { "line": 8, "column": 2 },
        "end": { "line": 7, "column": null }
      },
      "6": {
        "start": { "line": 20, "column": 2 },
        "end": { "line": 22, "column": null }
      },
      "7": {
        "start": { "line": 21, "column": 4 },
        "end": { "line": 21, "column": 8 }
      },
      "8": {
        "start": { "line": 24, "column": 2 },
        "end": { "line": 26, "column": null }
      },
      "9": {
        "start": { "line": 25, "column": 4 },
        "end": { "line": 25, "column": 14 }
      },
      "10": {
        "start": { "line": 27, "column": 8 },
        "end": { "line": 7, "column": null }
      },
      "11": {
        "start": { "line": 36, "column": 10 },
        "end": { "line": 7, "column": null }
      },
      "12": {
        "start": { "line": 39, "column": 4 },
        "end": { "line": 39, "column": 11 }
      },
      "13": {
        "start": { "line": 40, "column": 4 },
        "end": { "line": 42, "column": null }
      },
      "14": {
        "start": { "line": 41, "column": 6 },
        "end": { "line": 41, "column": 13 }
      }
    },
    "fnMap": {
      "0": {
        "name": "(anonymous_0)",
        "decl": {
          "start": { "line": 7, "column": 17 },
          "end": { "line": 7, "column": 20 }
        },
        "loc": {
          "start": { "line": 7, "column": 17 },
          "end": { "line": 7, "column": 20 }
        }
      },
      "1": {
        "name": "_callee",
        "decl": {
          "start": { "line": 7, "column": 20 },
          "end": { "line": 7, "column": null }
        },
        "loc": {
          "start": { "line": 7, "column": 20 },
          "end": { "line": 7, "column": null }
        }
      },
      "2": {
        "name": "send",
        "decl": {
          "start": { "line": 7, "column": 13 },
          "end": { "line": 7, "column": 17 }
        },
        "loc": {
          "start": { "line": 7, "column": 17 },
          "end": { "line": 7, "column": 20 }
        }
      }
    },
    "branchMap": {
      "0": {
        "loc": {
          "start": { "line": 7, "column": 20 },
          "end": { "line": 7, "column": null }
        },
        "type": "switch",
        "locations": [
          {
            "start": { "line": 7, "column": 20 },
            "end": { "line": 7, "column": null }
          },
          {
            "start": { "line": 7, "column": 20 },
            "end": { "line": 7, "column": null }
          },
          {
            "start": { "line": 7, "column": 20 },
            "end": { "line": 42, "column": null }
          },
          {
            "start": { "line": 7, "column": 20 },
            "end": { "line": 7, "column": null }
          },
          {
            "start": { "line": 7, "column": 20 },
            "end": { "line": 7, "column": null }
          }
        ]
      },
      "1": {
        "loc": {
          "start": { "line": 20, "column": 2 },
          "end": { "line": 22, "column": null }
        },
        "type": "if",
        "locations": [
          {
            "start": { "line": 20, "column": 2 },
            "end": { "line": 22, "column": null }
          }
        ]
      },
      "2": {
        "loc": {
          "start": { "line": 24, "column": 2 },
          "end": { "line": 26, "column": null }
        },
        "type": "if",
        "locations": [
          {
            "start": { "line": 24, "column": 2 },
            "end": { "line": 26, "column": null }
          }
        ]
      },
      "3": {
        "loc": {
          "start": { "line": 40, "column": 4 },
          "end": { "line": 42, "column": null }
        },
        "type": "if",
        "locations": [
          {
            "start": { "line": 40, "column": 4 },
            "end": { "line": 42, "column": null }
          }
        ]
      }
    },
    "s": {
      "0": 1,
      "1": 1,
      "2": 1,
      "3": 3,
      "4": 0,
      "5": 0,
      "6": 0,
      "7": 0,
      "8": 0,
      "9": 0,
      "10": 0,
      "11": 0,
      "12": 0,
      "13": 0,
      "14": 0
    },
    "f": { "0": 1, "1": 0, "2": 0 },
    "b": { "0": [0, 0, 0, 0, 0], "1": [0], "2": [0], "3": [0] }
  },
  "/home/clochard/dev/node/new-api/src/features/paypal/index.ts": {
    "path": "/home/clochard/dev/node/new-api/src/features/paypal/index.ts",
    "statementMap": {
      "0": {
        "start": { "line": 1, "column": 0 },
        "end": { "line": 1, "column": null }
      },
      "1": {
        "start": { "line": 20, "column": 5 },
        "end": { "line": 13, "column": null }
      },
      "2": {
        "start": { "line": 20, "column": 5 },
        "end": { "line": 14, "column": null }
      },
      "3": {
        "start": { "line": 20, "column": 5 },
        "end": { "line": 15, "column": 14 }
      },
      "4": {
        "start": { "line": 20, "column": 5 },
        "end": { "line": 20, "column": null }
      },
      "5": {
        "start": { "line": 21, "column": 4 },
        "end": { "line": 21, "column": 9 }
      },
      "6": {
        "start": { "line": 22, "column": 4 },
        "end": { "line": 22, "column": 9 }
      },
      "7": {
        "start": { "line": 23, "column": 4 },
        "end": { "line": 23, "column": 9 }
      },
      "8": {
        "start": { "line": 24, "column": 4 },
        "end": { "line": 24, "column": 9 }
      },
      "9": {
        "start": { "line": 29, "column": 2 },
        "end": { "line": 29, "column": null }
      },
      "10": {
        "start": { "line": 38, "column": 10 },
        "end": { "line": 29, "column": null }
      },
      "11": {
        "start": { "line": 52, "column": 6 },
        "end": { "line": 52, "column": 11 }
      },
      "12": {
        "start": { "line": 53, "column": 6 },
        "end": { "line": 53, "column": 11 }
      },
      "13": {
        "start": { "line": 61, "column": 2 },
        "end": { "line": 61, "column": null }
      },
      "14": {
        "start": { "line": 62, "column": 4 },
        "end": { "line": 61, "column": null }
      },
      "15": {
        "start": { "line": 72, "column": 6 },
        "end": { "line": 61, "column": null }
      },
      "16": {
        "start": { "line": 79, "column": 10 },
        "end": { "line": 61, "column": null }
      },
      "17": {
        "start": { "line": 82, "column": 6 },
        "end": { "line": 61, "column": null }
      },
      "18": {
        "start": { "line": 111, "column": 12 },
        "end": { "line": 61, "column": null }
      },
      "19": {
        "start": { "line": 134, "column": 12 },
        "end": { "line": 61, "column": null }
      },
      "20": {
        "start": { "line": 136, "column": 12 },
        "end": { "line": 61, "column": null }
      },
      "21": {
        "start": { "line": 138, "column": 12 },
        "end": { "line": 61, "column": null }
      },
      "22": {
        "start": { "line": 171, "column": 2 },
        "end": { "line": 171, "column": null }
      },
      "23": {
        "start": { "line": 173, "column": 4 },
        "end": { "line": 171, "column": null }
      },
      "24": {
        "start": { "line": 178, "column": 6 },
        "end": { "line": 171, "column": null }
      },
      "25": {
        "start": { "line": 183, "column": 12 },
        "end": { "line": 171, "column": null }
      },
      "26": {
        "start": { "line": 194, "column": 24 },
        "end": { "line": 194, "column": 25 }
      },
      "27": {
        "start": { "line": 202, "column": 15 },
        "end": { "line": 202, "column": null }
      }
    },
    "fnMap": {
      "0": {
        "name": "Paypal",
        "decl": {
          "start": { "line": 12, "column": 2 },
          "end": { "line": 12, "column": null }
        },
        "loc": {
          "start": { "line": 20, "column": 5 },
          "end": { "line": 27, "column": null }
        }
      },
      "1": {
        "name": "_callee",
        "decl": {
          "start": { "line": 29, "column": 2 },
          "end": { "line": 29, "column": null }
        },
        "loc": {
          "start": { "line": 29, "column": 2 },
          "end": { "line": 29, "column": null }
        }
      },
      "2": {
        "name": "_callee2",
        "decl": {
          "start": { "line": 61, "column": 2 },
          "end": { "line": 61, "column": null }
        },
        "loc": {
          "start": { "line": 61, "column": 2 },
          "end": { "line": 61, "column": null }
        }
      },
      "3": {
        "name": "_callee3",
        "decl": {
          "start": { "line": 171, "column": 2 },
          "end": { "line": 171, "column": null }
        },
        "loc": {
          "start": { "line": 171, "column": 2 },
          "end": { "line": 171, "column": null }
        }
      },
      "4": {
        "name": "(anonymous_13)",
        "decl": {
          "start": { "line": 194, "column": 24 },
          "end": { "line": 194, "column": 25 }
        },
        "loc": {
          "start": { "line": 194, "column": 24 },
          "end": { "line": 194, "column": 25 }
        }
      }
    },
    "branchMap": {
      "0": {
        "loc": {
          "start": { "line": 20, "column": 5 },
          "end": { "line": 20, "column": null }
        },
        "type": "cond-expr",
        "locations": [
          {
            "start": { "line": 15, "column": 14 },
            "end": { "line": 15, "column": null }
          },
          {
            "start": { "line": 20, "column": 5 },
            "end": { "line": 20, "column": null }
          }
        ]
      },
      "1": {
        "loc": {
          "start": { "line": 24, "column": 19 },
          "end": { "line": 26, "column": null }
        },
        "type": "cond-expr",
        "locations": [
          {
            "start": { "line": 25, "column": 8 },
            "end": { "line": 25, "column": null }
          },
          {
            "start": { "line": 26, "column": 8 },
            "end": { "line": 26, "column": null }
          }
        ]
      },
      "2": {
        "loc": {
          "start": { "line": 29, "column": 2 },
          "end": { "line": 29, "column": null }
        },
        "type": "switch",
        "locations": [
          {
            "start": { "line": 29, "column": 2 },
            "end": { "line": 29, "column": null }
          },
          {
            "start": { "line": 29, "column": 2 },
            "end": { "line": 29, "column": null }
          },
          {
            "start": { "line": 29, "column": 2 },
            "end": { "line": 29, "column": null }
          },
          {
            "start": { "line": 29, "column": 2 },
            "end": { "line": 29, "column": null }
          },
          {
            "start": { "line": 29, "column": 2 },
            "end": { "line": 29, "column": null }
          },
          {
            "start": { "line": 29, "column": 2 },
            "end": { "line": 29, "column": null }
          }
        ]
      },
      "3": {
        "loc": {
          "start": { "line": 29, "column": 2 },
          "end": { "line": 29, "column": null }
        },
        "type": "if",
        "locations": [
          {
            "start": { "line": 29, "column": 2 },
            "end": { "line": 29, "column": null }
          }
        ]
      },
      "4": {
        "loc": {
          "start": { "line": 31, "column": 6 },
          "end": { "line": 33, "column": 39 }
        },
        "type": "binary-expr",
        "locations": [
          {
            "start": { "line": 31, "column": 6 },
            "end": { "line": 31, "column": null }
          },
          {
            "start": { "line": 32, "column": 6 },
            "end": { "line": 32, "column": null }
          },
          {
            "start": { "line": 33, "column": 6 },
            "end": { "line": 33, "column": 39 }
          }
        ]
      },
      "5": {
        "loc": {
          "start": { "line": 61, "column": 2 },
          "end": { "line": 61, "column": null }
        },
        "type": "switch",
        "locations": [
          {
            "start": { "line": 61, "column": 2 },
            "end": { "line": 61, "column": null }
          },
          {
            "start": { "line": 61, "column": 2 },
            "end": { "line": 61, "column": null }
          },
          {
            "start": { "line": 61, "column": 2 },
            "end": { "line": 61, "column": null }
          },
          {
            "start": { "line": 61, "column": 2 },
            "end": { "line": 61, "column": null }
          },
          {
            "start": { "line": 61, "column": 2 },
            "end": { "line": 61, "column": null }
          },
          {
            "start": { "line": 61, "column": 2 },
            "end": { "line": 61, "column": null }
          },
          {
            "start": { "line": 61, "column": 2 },
            "end": { "line": 61, "column": null }
          },
          {
            "start": { "line": 61, "column": 2 },
            "end": { "line": 61, "column": null }
          },
          {
            "start": { "line": 61, "column": 2 },
            "end": { "line": 61, "column": null }
          },
          {
            "start": { "line": 61, "column": 2 },
            "end": { "line": 61, "column": null }
          },
          {
            "start": { "line": 61, "column": 2 },
            "end": { "line": 61, "column": null }
          },
          {
            "start": { "line": 61, "column": 2 },
            "end": { "line": 61, "column": null }
          },
          {
            "start": { "line": 61, "column": 2 },
            "end": { "line": 61, "column": null }
          },
          {
            "start": { "line": 61, "column": 2 },
            "end": { "line": 61, "column": null }
          }
        ]
      },
      "6": {
        "loc": {
          "start": { "line": 79, "column": 23 },
          "end": { "line": 81, "column": null }
        },
        "type": "cond-expr",
        "locations": [
          {
            "start": { "line": 79, "column": 23 },
            "end": { "line": 79, "column": 28 }
          },
          {
            "start": { "line": 81, "column": 10 },
            "end": { "line": 81, "column": null }
          }
        ]
      },
      "7": {
        "loc": {
          "start": { "line": 61, "column": 2 },
          "end": { "line": 61, "column": null }
        },
        "type": "if",
        "locations": [
          {
            "start": { "line": 61, "column": 2 },
            "end": { "line": 61, "column": null }
          }
        ]
      },
      "8": {
        "loc": {
          "start": { "line": 61, "column": 2 },
          "end": { "line": 113, "column": null }
        },
        "type": "binary-expr",
        "locations": [
          {
            "start": { "line": 61, "column": 2 },
            "end": { "line": 61, "column": null }
          },
          {
            "start": { "line": 61, "column": 2 },
            "end": { "line": 61, "column": null }
          },
          {
            "start": { "line": 113, "column": 10 },
            "end": { "line": 113, "column": null }
          }
        ]
      },
      "9": {
        "loc": {
          "start": { "line": 114, "column": 12 },
          "end": { "line": 114, "column": 40 }
        },
        "type": "cond-expr",
        "locations": [
          {
            "start": { "line": 114, "column": 12 },
            "end": { "line": 114, "column": 15 }
          },
          {
            "start": { "line": 114, "column": 12 },
            "end": { "line": 114, "column": 40 }
          }
        ]
      },
      "10": {
        "loc": {
          "start": { "line": 114, "column": 12 },
          "end": { "line": 114, "column": 15 }
        },
        "type": "binary-expr",
        "locations": [
          {
            "start": { "line": 114, "column": 12 },
            "end": { "line": 114, "column": 15 }
          },
          {
            "start": { "line": 114, "column": 12 },
            "end": { "line": 114, "column": 15 }
          }
        ]
      },
      "11": {
        "loc": {
          "start": { "line": 119, "column": 18 },
          "end": { "line": 119, "column": null }
        },
        "type": "cond-expr",
        "locations": [
          {
            "start": { "line": 119, "column": 18 },
            "end": { "line": 119, "column": 31 }
          },
          {
            "start": { "line": 119, "column": 18 },
            "end": { "line": 119, "column": null }
          }
        ]
      },
      "12": {
        "loc": {
          "start": { "line": 119, "column": 18 },
          "end": { "line": 119, "column": 31 }
        },
        "type": "binary-expr",
        "locations": [
          {
            "start": { "line": 119, "column": 18 },
            "end": { "line": 119, "column": 31 }
          },
          {
            "start": { "line": 119, "column": 18 },
            "end": { "line": 119, "column": 31 }
          }
        ]
      },
      "13": {
        "loc": {
          "start": { "line": 119, "column": 18 },
          "end": { "line": 119, "column": null }
        },
        "type": "cond-expr",
        "locations": [
          {
            "start": { "line": 119, "column": 18 },
            "end": { "line": 119, "column": 31 }
          },
          {
            "start": { "line": 119, "column": 44 },
            "end": { "line": 119, "column": null }
          }
        ]
      },
      "14": {
        "loc": {
          "start": { "line": 128, "column": 16 },
          "end": { "line": 128, "column": null }
        },
        "type": "cond-expr",
        "locations": [
          {
            "start": { "line": 128, "column": 16 },
            "end": { "line": 128, "column": 20 }
          },
          {
            "start": { "line": 128, "column": 31 },
            "end": { "line": 128, "column": null }
          }
        ]
      },
      "15": {
        "loc": {
          "start": { "line": 128, "column": 16 },
          "end": { "line": 128, "column": 20 }
        },
        "type": "binary-expr",
        "locations": [
          {
            "start": { "line": 128, "column": 16 },
            "end": { "line": 128, "column": 20 }
          },
          {
            "start": { "line": 128, "column": 16 },
            "end": { "line": 128, "column": 20 }
          }
        ]
      },
      "16": {
        "loc": {
          "start": { "line": 163, "column": 31 },
          "end": { "line": 163, "column": null }
        },
        "type": "cond-expr",
        "locations": [
          {
            "start": { "line": 163, "column": 48 },
            "end": { "line": 163, "column": 65 }
          },
          {
            "start": { "line": 163, "column": 65 },
            "end": { "line": 163, "column": null }
          }
        ]
      },
      "17": {
        "loc": {
          "start": { "line": 171, "column": 2 },
          "end": { "line": 171, "column": null }
        },
        "type": "switch",
        "locations": [
          {
            "start": { "line": 171, "column": 2 },
            "end": { "line": 171, "column": null }
          },
          {
            "start": { "line": 171, "column": 2 },
            "end": { "line": 171, "column": null }
          },
          {
            "start": { "line": 171, "column": 2 },
            "end": { "line": 171, "column": null }
          },
          {
            "start": { "line": 171, "column": 2 },
            "end": { "line": 171, "column": null }
          },
          {
            "start": { "line": 171, "column": 2 },
            "end": { "line": 171, "column": null }
          },
          {
            "start": { "line": 171, "column": 2 },
            "end": { "line": 171, "column": null }
          },
          {
            "start": { "line": 171, "column": 2 },
            "end": { "line": 171, "column": null }
          },
          {
            "start": { "line": 171, "column": 2 },
            "end": { "line": 171, "column": null }
          },
          {
            "start": { "line": 171, "column": 2 },
            "end": { "line": 171, "column": null }
          },
          {
            "start": { "line": 171, "column": 2 },
            "end": { "line": 171, "column": null }
          },
          {
            "start": { "line": 171, "column": 2 },
            "end": { "line": 171, "column": null }
          }
        ]
      },
      "18": {
        "loc": {
          "start": { "line": 171, "column": 2 },
          "end": { "line": 173, "column": null }
        },
        "type": "cond-expr",
        "locations": [
          {
            "start": { "line": 171, "column": 2 },
            "end": { "line": 171, "column": null }
          },
          {
            "start": { "line": 173, "column": 14 },
            "end": { "line": 173, "column": null }
          }
        ]
      },
      "19": {
        "loc": {
          "start": { "line": 171, "column": 2 },
          "end": { "line": 171, "column": null }
        },
        "type": "binary-expr",
        "locations": [
          {
            "start": { "line": 171, "column": 2 },
            "end": { "line": 171, "column": null }
          },
          {
            "start": { "line": 171, "column": 2 },
            "end": { "line": 171, "column": null }
          }
        ]
      },
      "20": {
        "loc": {
          "start": { "line": 171, "column": 2 },
          "end": { "line": 171, "column": null }
        },
        "type": "if",
        "locations": [
          {
            "start": { "line": 171, "column": 2 },
            "end": { "line": 171, "column": null }
          }
        ]
      }
    },
    "s": {
      "0": 1,
      "1": 0,
      "2": 0,
      "3": 0,
      "4": 0,
      "5": 0,
      "6": 0,
      "7": 0,
      "8": 0,
      "9": 0,
      "10": 0,
      "11": 0,
      "12": 0,
      "13": 0,
      "14": 0,
      "15": 0,
      "16": 0,
      "17": 0,
      "18": 0,
      "19": 0,
      "20": 0,
      "21": 0,
      "22": 0,
      "23": 0,
      "24": 0,
      "25": 0,
      "26": 0,
      "27": 1
    },
    "f": { "0": 0, "1": 0, "2": 0, "3": 0, "4": 0 },
    "b": {
      "0": [0, 0],
      "1": [0, 0],
      "2": [0, 0, 0, 0, 0, 0],
      "3": [0],
      "4": [0, 0, 0],
      "5": [0, 0, 0, 0, 0, 0, 0, 0, 0, 0, 0, 0, 0, 0],
      "6": [0, 0],
      "7": [0],
      "8": [0, 0, 0],
      "9": [0, 0],
      "10": [0, 0],
      "11": [0, 0],
      "12": [0, 0],
      "13": [0, 0],
      "14": [0, 0],
      "15": [0, 0],
      "16": [0, 0],
      "17": [0, 0, 0, 0, 0, 0, 0, 0, 0, 0, 0],
      "18": [0, 0],
      "19": [0, 0],
      "20": [0]
    }
  },
  "/home/clochard/dev/node/new-api/src/features/tranferwise/index.ts": {
    "path": "/home/clochard/dev/node/new-api/src/features/tranferwise/index.ts",
    "statementMap": {
      "0": {
        "start": { "line": 2, "column": 0 },
        "end": { "line": 2, "column": null }
      },
      "1": {
        "start": { "line": 4, "column": 0 },
        "end": { "line": 4, "column": null }
      },
      "2": {
        "start": { "line": 5, "column": 0 },
        "end": { "line": 5, "column": null }
      },
      "3": {
        "start": { "line": 25, "column": 5 },
        "end": { "line": 20, "column": null }
      },
      "4": {
        "start": { "line": 25, "column": 5 },
        "end": { "line": 21, "column": 14 }
      },
      "5": {
        "start": { "line": 25, "column": 5 },
        "end": { "line": 25, "column": null }
      },
      "6": {
        "start": { "line": 26, "column": 4 },
        "end": { "line": 26, "column": 9 }
      },
      "7": {
        "start": { "line": 27, "column": 4 },
        "end": { "line": 27, "column": 9 }
      },
      "8": {
        "start": { "line": 30, "column": 4 },
        "end": { "line": 30, "column": 9 }
      },
      "9": {
        "start": { "line": 33, "column": 2 },
        "end": { "line": 33, "column": null }
      },
      "10": {
        "start": { "line": 40, "column": 12 },
        "end": { "line": 33, "column": null }
      },
      "11": {
        "start": { "line": 60, "column": 2 },
        "end": { "line": 60, "column": null }
      },
      "12": {
        "start": { "line": 75, "column": 10 },
        "end": { "line": 60, "column": null }
      },
      "13": {
        "start": { "line": 84, "column": 12 },
        "end": { "line": 60, "column": null }
      },
      "14": {
        "start": { "line": 85, "column": 6 },
        "end": { "line": 85, "column": 11 }
      },
      "15": {
        "start": { "line": 86, "column": 8 },
        "end": { "line": 86, "column": 42 }
      },
      "16": {
        "start": { "line": 86, "column": 8 },
        "end": { "line": 86, "column": 11 }
      },
      "17": {
        "start": { "line": 94, "column": 2 },
        "end": { "line": 94, "column": null }
      },
      "18": {
        "start": { "line": 102, "column": 2 },
        "end": { "line": 102, "column": null }
      },
      "19": {
        "start": { "line": 111, "column": 10 },
        "end": { "line": 102, "column": null }
      },
      "20": {
        "start": { "line": 123, "column": 12 },
        "end": { "line": 102, "column": null }
      },
      "21": {
        "start": { "line": 127, "column": 10 },
        "end": { "line": 127, "column": 11 }
      },
      "22": {
        "start": { "line": 146, "column": 2 },
        "end": { "line": 146, "column": null }
      },
      "23": {
        "start": { "line": 147, "column": 4 },
        "end": { "line": 146, "column": null }
      },
      "24": {
        "start": { "line": 155, "column": 10 },
        "end": { "line": 146, "column": null }
      },
      "25": {
        "start": { "line": 158, "column": 10 },
        "end": { "line": 146, "column": null }
      },
      "26": {
        "start": { "line": 169, "column": 12 },
        "end": { "line": 146, "column": null }
      },
      "27": {
        "start": { "line": 177, "column": 2 },
        "end": { "line": 177, "column": null }
      },
      "28": {
        "start": { "line": 178, "column": 4 },
        "end": { "line": 177, "column": null }
      },
      "29": {
        "start": { "line": 192, "column": 12 },
        "end": { "line": 177, "column": null }
      },
      "30": {
        "start": { "line": 199, "column": 6 },
        "end": { "line": 199, "column": 25 }
      },
      "31": {
        "start": { "line": 202, "column": 10 },
        "end": { "line": 177, "column": null }
      },
      "32": {
        "start": { "line": 215, "column": 12 },
        "end": { "line": 177, "column": null }
      },
      "33": {
        "start": { "line": 245, "column": 2 },
        "end": { "line": 245, "column": null }
      },
      "34": {
        "start": { "line": 246, "column": 4 },
        "end": { "line": 245, "column": null }
      },
      "35": {
        "start": { "line": 256, "column": 10 },
        "end": { "line": 245, "column": null }
      },
      "36": {
        "start": { "line": 257, "column": 10 },
        "end": { "line": 245, "column": null }
      },
      "37": {
        "start": { "line": 258, "column": 6 },
        "end": { "line": 258, "column": 7 }
      },
      "38": {
        "start": { "line": 267, "column": 6 },
        "end": { "line": 245, "column": null }
      },
      "39": {
        "start": { "line": 272, "column": 12 },
        "end": { "line": 245, "column": null }
      },
      "40": {
        "start": { "line": 282, "column": 6 },
        "end": { "line": 245, "column": null }
      },
      "41": {
        "start": { "line": 288, "column": 12 },
        "end": { "line": 245, "column": null }
      },
      "42": {
        "start": { "line": 298, "column": 6 },
        "end": { "line": 245, "column": null }
      },
      "43": {
        "start": { "line": 304, "column": 12 },
        "end": { "line": 245, "column": null }
      },
      "44": {
        "start": { "line": 314, "column": 6 },
        "end": { "line": 245, "column": null }
      },
      "45": {
        "start": { "line": 318, "column": 6 },
        "end": { "line": 318, "column": 13 }
      },
      "46": {
        "start": { "line": 320, "column": 12 },
        "end": { "line": 245, "column": null }
      },
      "47": {
        "start": { "line": 331, "column": 15 },
        "end": { "line": 331, "column": null }
      }
    },
    "fnMap": {
      "0": {
        "name": "Transferwise",
        "decl": {
          "start": { "line": 19, "column": 2 },
          "end": { "line": 19, "column": null }
        },
        "loc": {
          "start": { "line": 25, "column": 5 },
          "end": { "line": 31, "column": null }
        }
      },
      "1": {
        "name": "_callee",
        "decl": {
          "start": { "line": 33, "column": 2 },
          "end": { "line": 33, "column": null }
        },
        "loc": {
          "start": { "line": 33, "column": 2 },
          "end": { "line": 33, "column": null }
        }
      },
      "2": {
        "name": "_callee2",
        "decl": {
          "start": { "line": 60, "column": 2 },
          "end": { "line": 60, "column": null }
        },
        "loc": {
          "start": { "line": 60, "column": 2 },
          "end": { "line": 60, "column": null }
        }
      },
      "3": {
        "name": "(anonymous_14)",
        "decl": {
          "start": { "line": 86, "column": 8 },
          "end": { "line": 86, "column": 11 }
        },
        "loc": {
          "start": { "line": 86, "column": 8 },
          "end": { "line": 86, "column": 11 }
        }
      },
      "4": {
        "name": "_callee3",
        "decl": {
          "start": { "line": 94, "column": 2 },
          "end": { "line": 94, "column": null }
        },
        "loc": {
          "start": { "line": 94, "column": 2 },
          "end": { "line": 94, "column": null }
        }
      },
      "5": {
        "name": "_callee4",
        "decl": {
          "start": { "line": 102, "column": 2 },
          "end": { "line": 102, "column": null }
        },
        "loc": {
          "start": { "line": 102, "column": 2 },
          "end": { "line": 102, "column": null }
        }
      },
      "6": {
        "name": "(anonymous_23)",
        "decl": {
          "start": { "line": 127, "column": 10 },
          "end": { "line": 127, "column": 11 }
        },
        "loc": {
          "start": { "line": 127, "column": 10 },
          "end": { "line": 127, "column": 11 }
        }
      },
      "7": {
        "name": "_callee5",
        "decl": {
          "start": { "line": 146, "column": 2 },
          "end": { "line": 146, "column": null }
        },
        "loc": {
          "start": { "line": 146, "column": 2 },
          "end": { "line": 146, "column": null }
        }
      },
      "8": {
        "name": "_callee6",
        "decl": {
          "start": { "line": 177, "column": 2 },
          "end": { "line": 177, "column": null }
        },
        "loc": {
          "start": { "line": 177, "column": 2 },
          "end": { "line": 177, "column": null }
        }
      },
      "9": {
        "name": "_callee7",
        "decl": {
          "start": { "line": 245, "column": 2 },
          "end": { "line": 245, "column": null }
        },
        "loc": {
          "start": { "line": 245, "column": 2 },
          "end": { "line": 245, "column": null }
        }
      },
      "10": {
        "name": "(anonymous_36)",
        "decl": {
          "start": { "line": 258, "column": 6 },
          "end": { "line": 258, "column": 7 }
        },
        "loc": {
          "start": { "line": 258, "column": 6 },
          "end": { "line": 258, "column": 7 }
        }
      }
    },
    "branchMap": {
      "0": {
        "loc": {
          "start": { "line": 25, "column": 5 },
          "end": { "line": 25, "column": null }
        },
        "type": "cond-expr",
        "locations": [
          {
            "start": { "line": 21, "column": 14 },
            "end": { "line": 21, "column": null }
          },
          {
            "start": { "line": 25, "column": 5 },
            "end": { "line": 25, "column": null }
          }
        ]
      },
      "1": {
        "loc": {
          "start": { "line": 27, "column": 19 },
          "end": { "line": 29, "column": null }
        },
        "type": "cond-expr",
        "locations": [
          {
            "start": { "line": 28, "column": 8 },
            "end": { "line": 28, "column": null }
          },
          {
            "start": { "line": 29, "column": 8 },
            "end": { "line": 29, "column": null }
          }
        ]
      },
      "2": {
        "loc": {
          "start": { "line": 33, "column": 2 },
          "end": { "line": 33, "column": null }
        },
        "type": "switch",
        "locations": [
          {
            "start": { "line": 33, "column": 2 },
            "end": { "line": 33, "column": null }
          },
          {
            "start": { "line": 33, "column": 2 },
            "end": { "line": 33, "column": null }
          },
          {
            "start": { "line": 33, "column": 2 },
            "end": { "line": 33, "column": null }
          },
          {
            "start": { "line": 33, "column": 2 },
            "end": { "line": 33, "column": null }
          },
          {
            "start": { "line": 33, "column": 2 },
            "end": { "line": 33, "column": null }
          },
          {
            "start": { "line": 33, "column": 2 },
            "end": { "line": 33, "column": null }
          }
        ]
      },
      "3": {
        "loc": {
          "start": { "line": 33, "column": 2 },
          "end": { "line": 33, "column": null }
        },
        "type": "if",
        "locations": [
          {
            "start": { "line": 33, "column": 2 },
            "end": { "line": 33, "column": null }
          }
        ]
      },
      "4": {
        "loc": {
          "start": { "line": 51, "column": 10 },
          "end": { "line": 51, "column": null }
        },
        "type": "binary-expr",
        "locations": [
          {
            "start": { "line": 51, "column": 10 },
            "end": { "line": 51, "column": 31 }
          },
          {
            "start": { "line": 51, "column": 31 },
            "end": { "line": 51, "column": null }
          }
        ]
      },
      "5": {
        "loc": {
          "start": { "line": 60, "column": 2 },
          "end": { "line": 60, "column": null }
        },
        "type": "switch",
        "locations": [
          {
            "start": { "line": 60, "column": 2 },
            "end": { "line": 60, "column": null }
          },
          {
            "start": { "line": 60, "column": 2 },
            "end": { "line": 60, "column": null }
          },
          {
            "start": { "line": 60, "column": 2 },
            "end": { "line": 60, "column": null }
          },
          {
            "start": { "line": 60, "column": 2 },
            "end": { "line": 60, "column": null }
          },
          {
            "start": { "line": 60, "column": 2 },
            "end": { "line": 60, "column": null }
          }
        ]
      },
      "6": {
        "loc": {
          "start": { "line": 60, "column": 2 },
          "end": { "line": 60, "column": null }
        },
        "type": "cond-expr",
        "locations": [
          {
            "start": { "line": 61, "column": 21 },
            "end": { "line": 61, "column": null }
          },
          {
            "start": { "line": 60, "column": 2 },
            "end": { "line": 60, "column": null }
          }
        ]
      },
      "7": {
        "loc": {
          "start": { "line": 60, "column": 2 },
          "end": { "line": 60, "column": null }
        },
        "type": "cond-expr",
        "locations": [
          {
            "start": { "line": 62, "column": 21 },
            "end": { "line": 62, "column": null }
          },
          {
            "start": { "line": 60, "column": 2 },
            "end": { "line": 60, "column": null }
          }
        ]
      },
      "8": {
        "loc": {
          "start": { "line": 94, "column": 2 },
          "end": { "line": 94, "column": null }
        },
        "type": "switch",
        "locations": [
          {
            "start": { "line": 94, "column": 2 },
            "end": { "line": 94, "column": null }
          },
          {
            "start": { "line": 94, "column": 2 },
            "end": { "line": 94, "column": null }
          },
          {
            "start": { "line": 94, "column": 2 },
            "end": { "line": 94, "column": null }
          },
          {
            "start": { "line": 94, "column": 2 },
            "end": { "line": 94, "column": null }
          },
          {
            "start": { "line": 94, "column": 2 },
            "end": { "line": 94, "column": null }
          }
        ]
      },
      "9": {
        "loc": {
          "start": { "line": 102, "column": 2 },
          "end": { "line": 102, "column": null }
        },
        "type": "switch",
        "locations": [
          {
            "start": { "line": 102, "column": 2 },
            "end": { "line": 102, "column": null }
          },
          {
            "start": { "line": 102, "column": 2 },
            "end": { "line": 102, "column": null }
          },
          {
            "start": { "line": 102, "column": 2 },
            "end": { "line": 102, "column": null }
          },
          {
            "start": { "line": 102, "column": 2 },
            "end": { "line": 102, "column": null }
          },
          {
            "start": { "line": 102, "column": 2 },
            "end": { "line": 102, "column": null }
          },
          {
            "start": { "line": 102, "column": 2 },
            "end": { "line": 102, "column": null }
          }
        ]
      },
      "10": {
        "loc": {
          "start": { "line": 102, "column": 2 },
          "end": { "line": 102, "column": null }
        },
        "type": "cond-expr",
        "locations": [
          {
            "start": { "line": 103, "column": 15 },
            "end": { "line": 103, "column": null }
          },
          {
            "start": { "line": 102, "column": 2 },
            "end": { "line": 102, "column": null }
          }
        ]
      },
      "11": {
        "loc": {
          "start": { "line": 102, "column": 2 },
          "end": { "line": 102, "column": null }
        },
        "type": "if",
        "locations": [
          {
            "start": { "line": 102, "column": 2 },
            "end": { "line": 102, "column": null }
          }
        ]
      },
      "12": {
        "loc": {
          "start": { "line": 125, "column": 8 },
          "end": { "line": 126, "column": 11 }
        },
        "type": "binary-expr",
        "locations": [
          {
            "start": { "line": 125, "column": 8 },
            "end": { "line": 125, "column": 11 }
          },
          {
            "start": { "line": 125, "column": 8 },
            "end": { "line": 125, "column": 11 }
          },
          {
            "start": { "line": 125, "column": 8 },
            "end": { "line": 125, "column": 11 }
          },
          {
            "start": { "line": 125, "column": 8 },
            "end": { "line": 125, "column": 11 }
          },
          {
            "start": { "line": 125, "column": 8 },
            "end": { "line": 125, "column": null }
          },
          {
            "start": { "line": 126, "column": 8 },
            "end": { "line": 126, "column": 11 }
          }
        ]
      },
      "13": {
        "loc": {
          "start": { "line": 128, "column": 12 },
          "end": { "line": 128, "column": null }
        },
        "type": "binary-expr",
        "locations": [
          {
            "start": { "line": 128, "column": 12 },
            "end": { "line": 128, "column": 38 }
          },
          {
            "start": { "line": 128, "column": 38 },
            "end": { "line": 128, "column": null }
          }
        ]
      },
      "14": {
        "loc": {
          "start": { "line": 132, "column": 21 },
          "end": { "line": 132, "column": null }
        },
        "type": "cond-expr",
        "locations": [
          {
            "start": { "line": 132, "column": 21 },
            "end": { "line": 132, "column": 23 }
          },
          {
            "start": { "line": 132, "column": 23 },
            "end": { "line": 132, "column": null }
          }
        ]
      },
      "15": {
        "loc": {
          "start": { "line": 132, "column": 21 },
          "end": { "line": 132, "column": 23 }
        },
        "type": "binary-expr",
        "locations": [
          {
            "start": { "line": 132, "column": 21 },
            "end": { "line": 132, "column": 23 }
          },
          {
            "start": { "line": 132, "column": 21 },
            "end": { "line": 132, "column": 23 }
          }
        ]
      },
      "16": {
        "loc": {
          "start": { "line": 137, "column": 19 },
          "end": { "line": 137, "column": null }
        },
        "type": "cond-expr",
        "locations": [
          {
            "start": { "line": 137, "column": 19 },
            "end": { "line": 137, "column": 21 }
          },
          {
            "start": { "line": 137, "column": 21 },
            "end": { "line": 137, "column": null }
          }
        ]
      },
      "17": {
        "loc": {
          "start": { "line": 137, "column": 19 },
          "end": { "line": 137, "column": 21 }
        },
        "type": "binary-expr",
        "locations": [
          {
            "start": { "line": 137, "column": 19 },
            "end": { "line": 137, "column": 21 }
          },
          {
            "start": { "line": 137, "column": 19 },
            "end": { "line": 137, "column": 21 }
          }
        ]
      },
      "18": {
        "loc": {
          "start": { "line": 140, "column": 16 },
          "end": { "line": 140, "column": null }
        },
        "type": "cond-expr",
        "locations": [
          {
            "start": { "line": 140, "column": 16 },
            "end": { "line": 140, "column": 20 }
          },
          {
            "start": { "line": 140, "column": 31 },
            "end": { "line": 140, "column": null }
          }
        ]
      },
      "19": {
        "loc": {
          "start": { "line": 140, "column": 16 },
          "end": { "line": 140, "column": 20 }
        },
        "type": "binary-expr",
        "locations": [
          {
            "start": { "line": 140, "column": 16 },
            "end": { "line": 140, "column": 20 }
          },
          {
            "start": { "line": 140, "column": 16 },
            "end": { "line": 140, "column": 20 }
          }
        ]
      },
      "20": {
        "loc": {
          "start": { "line": 146, "column": 2 },
          "end": { "line": 146, "column": null }
        },
        "type": "switch",
        "locations": [
          {
            "start": { "line": 146, "column": 2 },
            "end": { "line": 146, "column": null }
          },
          {
            "start": { "line": 146, "column": 2 },
            "end": { "line": 146, "column": null }
          },
          {
            "start": { "line": 146, "column": 2 },
            "end": { "line": 146, "column": null }
          },
          {
            "start": { "line": 146, "column": 2 },
            "end": { "line": 146, "column": null }
          },
          {
            "start": { "line": 146, "column": 2 },
            "end": { "line": 146, "column": null }
          }
        ]
      },
      "21": {
        "loc": {
          "start": { "line": 155, "column": 23 },
          "end": { "line": 157, "column": null }
        },
        "type": "cond-expr",
        "locations": [
          {
            "start": { "line": 155, "column": 23 },
            "end": { "line": 155, "column": 28 }
          },
          {
            "start": { "line": 157, "column": 8 },
            "end": { "line": 157, "column": null }
          }
        ]
      },
      "22": {
        "loc": {
          "start": { "line": 171, "column": 19 },
          "end": { "line": 171, "column": null }
        },
        "type": "cond-expr",
        "locations": [
          {
            "start": { "line": 171, "column": 19 },
            "end": { "line": 171, "column": 21 }
          },
          {
            "start": { "line": 171, "column": 21 },
            "end": { "line": 171, "column": null }
          }
        ]
      },
      "23": {
        "loc": {
          "start": { "line": 171, "column": 19 },
          "end": { "line": 171, "column": 21 }
        },
        "type": "binary-expr",
        "locations": [
          {
            "start": { "line": 171, "column": 19 },
            "end": { "line": 171, "column": 21 }
          },
          {
            "start": { "line": 171, "column": 19 },
            "end": { "line": 171, "column": 21 }
          }
        ]
      },
      "24": {
        "loc": {
          "start": { "line": 172, "column": 32 },
          "end": { "line": 172, "column": null }
        },
        "type": "binary-expr",
        "locations": [
          {
            "start": { "line": 172, "column": 32 },
            "end": { "line": 172, "column": 62 }
          },
          {
            "start": { "line": 172, "column": 62 },
            "end": { "line": 172, "column": null }
          }
        ]
      },
      "25": {
        "loc": {
          "start": { "line": 172, "column": 32 },
          "end": { "line": 172, "column": 62 }
        },
        "type": "cond-expr",
        "locations": [
          {
            "start": { "line": 172, "column": 32 },
            "end": { "line": 172, "column": 35 }
          },
          {
            "start": { "line": 172, "column": 32 },
            "end": { "line": 172, "column": 62 }
          }
        ]
      },
      "26": {
        "loc": {
          "start": { "line": 172, "column": 32 },
          "end": { "line": 172, "column": 35 }
        },
        "type": "binary-expr",
        "locations": [
          {
            "start": { "line": 172, "column": 32 },
            "end": { "line": 172, "column": 35 }
          },
          {
            "start": { "line": 172, "column": 32 },
            "end": { "line": 172, "column": 35 }
          }
        ]
      },
      "27": {
        "loc": {
          "start": { "line": 177, "column": 2 },
          "end": { "line": 177, "column": null }
        },
        "type": "switch",
        "locations": [
          {
            "start": { "line": 177, "column": 2 },
            "end": { "line": 177, "column": null }
          },
          {
            "start": { "line": 177, "column": 2 },
            "end": { "line": 177, "column": null }
          },
          {
            "start": { "line": 177, "column": 2 },
            "end": { "line": 177, "column": null }
          },
          {
            "start": { "line": 177, "column": 2 },
            "end": { "line": 199, "column": 25 }
          },
          {
            "start": { "line": 177, "column": 2 },
            "end": { "line": 177, "column": null }
          },
          {
            "start": { "line": 177, "column": 2 },
            "end": { "line": 177, "column": null }
          },
          {
            "start": { "line": 177, "column": 2 },
            "end": { "line": 177, "column": null }
          },
          {
            "start": { "line": 177, "column": 2 },
            "end": { "line": 177, "column": null }
          },
          {
            "start": { "line": 177, "column": 2 },
            "end": { "line": 177, "column": null }
          },
          {
            "start": { "line": 177, "column": 2 },
            "end": { "line": 177, "column": null }
          },
          {
            "start": { "line": 177, "column": 2 },
            "end": { "line": 177, "column": null }
          },
          {
            "start": { "line": 177, "column": 2 },
            "end": { "line": 177, "column": null }
          },
          {
            "start": { "line": 177, "column": 2 },
            "end": { "line": 177, "column": null }
          }
        ]
      },
      "28": {
        "loc": {
          "start": { "line": 177, "column": 2 },
          "end": { "line": 177, "column": null }
        },
        "type": "if",
        "locations": [
          {
            "start": { "line": 177, "column": 2 },
            "end": { "line": 177, "column": null }
          }
        ]
      },
      "29": {
        "loc": {
          "start": { "line": 194, "column": 8 },
          "end": { "line": 195, "column": 12 }
        },
        "type": "binary-expr",
        "locations": [
          {
            "start": { "line": 194, "column": 8 },
            "end": { "line": 194, "column": null }
          },
          {
            "start": { "line": 195, "column": 8 },
            "end": { "line": 195, "column": 12 }
          }
        ]
      },
      "30": {
        "loc": {
          "start": { "line": 194, "column": 8 },
          "end": { "line": 194, "column": 33 }
        },
        "type": "cond-expr",
        "locations": [
          {
            "start": { "line": 194, "column": 8 },
            "end": { "line": 194, "column": 11 }
          },
          {
            "start": { "line": 194, "column": 8 },
            "end": { "line": 194, "column": 33 }
          }
        ]
      },
      "31": {
        "loc": {
          "start": { "line": 194, "column": 8 },
          "end": { "line": 194, "column": 11 }
        },
        "type": "binary-expr",
        "locations": [
          {
            "start": { "line": 194, "column": 8 },
            "end": { "line": 194, "column": 11 }
          },
          {
            "start": { "line": 194, "column": 8 },
            "end": { "line": 194, "column": 11 }
          }
        ]
      },
      "32": {
        "loc": {
          "start": { "line": 217, "column": 8 },
          "end": { "line": 219, "column": null }
        },
        "type": "binary-expr",
        "locations": [
          {
            "start": { "line": 217, "column": 8 },
            "end": { "line": 217, "column": 11 }
          },
          {
            "start": { "line": 217, "column": 8 },
            "end": { "line": 217, "column": 11 }
          },
          {
            "start": { "line": 217, "column": 8 },
            "end": { "line": 217, "column": null }
          },
          {
            "start": { "line": 218, "column": 8 },
            "end": { "line": 218, "column": null }
          },
          {
            "start": { "line": 219, "column": 8 },
            "end": { "line": 219, "column": null }
          }
        ]
      },
      "33": {
        "loc": {
          "start": { "line": 239, "column": 19 },
          "end": { "line": 239, "column": null }
        },
        "type": "cond-expr",
        "locations": [
          {
            "start": { "line": 239, "column": 19 },
            "end": { "line": 239, "column": 21 }
          },
          {
            "start": { "line": 239, "column": 21 },
            "end": { "line": 239, "column": null }
          }
        ]
      },
      "34": {
        "loc": {
          "start": { "line": 239, "column": 19 },
          "end": { "line": 239, "column": 21 }
        },
        "type": "binary-expr",
        "locations": [
          {
            "start": { "line": 239, "column": 19 },
            "end": { "line": 239, "column": 21 }
          },
          {
            "start": { "line": 239, "column": 19 },
            "end": { "line": 239, "column": 21 }
          }
        ]
      },
      "35": {
        "loc": {
          "start": { "line": 240, "column": 32 },
          "end": { "line": 240, "column": null }
        },
        "type": "binary-expr",
        "locations": [
          {
            "start": { "line": 240, "column": 32 },
            "end": { "line": 240, "column": 62 }
          },
          {
            "start": { "line": 240, "column": 62 },
            "end": { "line": 240, "column": null }
          }
        ]
      },
      "36": {
        "loc": {
          "start": { "line": 240, "column": 32 },
          "end": { "line": 240, "column": 62 }
        },
        "type": "cond-expr",
        "locations": [
          {
            "start": { "line": 240, "column": 32 },
            "end": { "line": 240, "column": 35 }
          },
          {
            "start": { "line": 240, "column": 32 },
            "end": { "line": 240, "column": 62 }
          }
        ]
      },
      "37": {
        "loc": {
          "start": { "line": 240, "column": 32 },
          "end": { "line": 240, "column": 35 }
        },
        "type": "binary-expr",
        "locations": [
          {
            "start": { "line": 240, "column": 32 },
            "end": { "line": 240, "column": 35 }
          },
          {
            "start": { "line": 240, "column": 32 },
            "end": { "line": 240, "column": 35 }
          }
        ]
      },
      "38": {
        "loc": {
          "start": { "line": 245, "column": 2 },
          "end": { "line": 245, "column": null }
        },
        "type": "switch",
        "locations": [
          {
            "start": { "line": 245, "column": 2 },
            "end": { "line": 245, "column": null }
          },
          {
            "start": { "line": 245, "column": 2 },
            "end": { "line": 245, "column": null }
          },
          {
            "start": { "line": 245, "column": 2 },
            "end": { "line": 245, "column": null }
          },
          {
            "start": { "line": 245, "column": 2 },
            "end": { "line": 245, "column": null }
          },
          {
            "start": { "line": 245, "column": 2 },
            "end": { "line": 245, "column": null }
          },
          {
            "start": { "line": 245, "column": 2 },
            "end": { "line": 245, "column": null }
          },
          {
[...]
    "b": {
      "0": [0, 0, 0, 0, 0, 0, 0, 0, 0, 0, 0],
      "1": [0],
      "2": [0],
      "3": [0],
      "4": [0, 0],
      "5": [0, 0],
      "6": [0, 0]
    }
  },
  "/home/clochard/dev/node/new-api/src/routes/users/me/popups/getByUser.ts": {
    "path": "/home/clochard/dev/node/new-api/src/routes/users/me/popups/getByUser.ts",
    "statementMap": {
      "0": {
        "start": { "line": 1, "column": 0 },
        "end": { "line": 1, "column": null }
      },
      "1": {
        "start": { "line": 3, "column": 15 },
        "end": { "line": 3, "column": 22 }
      },
      "2": {
        "start": { "line": 3, "column": 36 },
        "end": { "line": 3, "column": 22 }
      },
      "3": {
        "start": { "line": 5, "column": 10 },
        "end": { "line": 3, "column": 22 }
      },
      "4": {
        "start": { "line": 11, "column": 10 },
        "end": { "line": 3, "column": 22 }
      },
      "5": {
        "start": { "line": 15, "column": 10 },
        "end": { "line": 3, "column": 22 }
      },
      "6": {
        "start": { "line": 17, "column": 4 },
        "end": { "line": 17, "column": 11 }
      },
      "7": {
        "start": { "line": 18, "column": 4 },
        "end": { "line": 20, "column": null }
      },
      "8": {
        "start": { "line": 19, "column": 6 },
        "end": { "line": 19, "column": 13 }
      },
      "9": {
        "start": { "line": 22, "column": 12 },
        "end": { "line": 3, "column": 22 }
      },
      "10": {
        "start": { "line": 24, "column": 10 },
        "end": { "line": 3, "column": 22 }
      },
      "11": {
        "start": { "line": 25, "column": 10 },
        "end": { "line": 3, "column": 22 }
      },
      "12": {
        "start": { "line": 26, "column": 8 },
        "end": { "line": 3, "column": 22 }
      },
      "13": {
        "start": { "line": 27, "column": 4 },
        "end": { "line": 36, "column": null }
      },
      "14": {
        "start": { "line": 28, "column": 6 },
        "end": { "line": 28, "column": 11 }
      },
      "15": {
        "start": { "line": 38, "column": 10 },
        "end": { "line": 3, "column": 22 }
      },
      "16": {
        "start": { "line": 39, "column": 4 },
        "end": { "line": 39, "column": 17 }
      },
      "17": {
        "start": { "line": 42, "column": 4 },
        "end": { "line": 42, "column": 17 }
      },
      "18": {
        "start": { "line": 47, "column": 4 },
        "end": { "line": 47, "column": 17 }
      },
      "19": {
        "start": { "line": 51, "column": 4 },
        "end": { "line": 51, "column": 9 }
      },
      "20": {
        "start": { "line": 52, "column": 10 },
        "end": { "line": 3, "column": 22 }
      },
      "21": {
        "start": { "line": 57, "column": 10 },
        "end": { "line": 3, "column": 22 }
      },
      "22": {
        "start": { "line": 69, "column": 25 },
        "end": { "line": 95, "column": null }
      },
      "23": {
        "start": { "line": 77, "column": 68 },
        "end": { "line": 77, "column": null }
      },
      "24": {
        "start": { "line": 83, "column": 2 },
        "end": { "line": 93, "column": null }
      },
      "25": {
        "start": { "line": 84, "column": 4 },
        "end": { "line": 92, "column": null }
      },
      "26": {
        "start": { "line": 85, "column": 6 },
        "end": { "line": 85, "column": 9 }
      },
      "27": {
        "start": { "line": 86, "column": 6 },
        "end": { "line": 89, "column": null }
      },
      "28": {
        "start": { "line": 87, "column": 25 },
        "end": { "line": 87, "column": 29 }
      },
      "29": {
        "start": { "line": 87, "column": 52 },
        "end": { "line": 87, "column": 53 }
      },
      "30": {
        "start": { "line": 88, "column": 8 },
        "end": { "line": 88, "column": 25 }
      },
      "31": {
        "start": { "line": 88, "column": 22 },
        "end": { "line": 88, "column": 25 }
      },
      "32": {
        "start": { "line": 91, "column": 6 },
        "end": { "line": 91, "column": 9 }
      },
      "33": {
        "start": { "line": 94, "column": 2 },
        "end": { "line": 94, "column": 9 }
      }
    },
    "fnMap": {
      "0": {
        "name": "_callee",
        "decl": {
          "start": { "line": 3, "column": 15 },
          "end": { "line": 3, "column": 22 }
        },
        "loc": {
          "start": { "line": 3, "column": 15 },
          "end": { "line": 3, "column": 22 }
        }
      },
      "1": {
        "name": "mapQueryToObject",
        "decl": {
          "start": { "line": 69, "column": 6 },
          "end": { "line": 69, "column": 22 }
        },
        "loc": {
          "start": { "line": 76, "column": 6 },
          "end": { "line": 95, "column": null }
        }
      },
      "2": {
        "name": "(anonymous_13)",
        "decl": {
          "start": { "line": 87, "column": 52 },
          "end": { "line": 87, "column": 53 }
        },
        "loc": {
          "start": { "line": 87, "column": 52 },
          "end": { "line": 87, "column": 53 }
        }
      }
    },
    "branchMap": {
      "0": {
        "loc": {
          "start": { "line": 3, "column": 15 },
          "end": { "line": 3, "column": 22 }
        },
        "type": "switch",
        "locations": [
          {
            "start": { "line": 3, "column": 15 },
            "end": { "line": 3, "column": 22 }
          },
          {
            "start": { "line": 3, "column": 15 },
            "end": { "line": 3, "column": 22 }
          },
          {
            "start": { "line": 3, "column": 15 },
            "end": { "line": 3, "column": 22 }
          },
          {
            "start": { "line": 3, "column": 15 },
            "end": { "line": 3, "column": 22 }
          },
          {
            "start": { "line": 3, "column": 15 },
            "end": { "line": 3, "column": 22 }
          },
          {
            "start": { "line": 3, "column": 15 },
            "end": { "line": 3, "column": 22 }
          },
          {
            "start": { "line": 3, "column": 15 },
            "end": { "line": 3, "column": 22 }
          },
          {
            "start": { "line": 3, "column": 15 },
            "end": { "line": 3, "column": 22 }
          }
        ]
      },
      "1": {
        "loc": {
          "start": { "line": 3, "column": 15 },
          "end": { "line": 3, "column": null }
        },
        "type": "cond-expr",
        "locations": [
          {
            "start": { "line": 3, "column": 15 },
            "end": { "line": 3, "column": 22 }
          },
          {
            "start": { "line": 3, "column": 59 },
            "end": { "line": 3, "column": null }
          }
        ]
      },
      "2": {
        "loc": {
          "start": { "line": 3, "column": 15 },
          "end": { "line": 3, "column": 22 }
        },
        "type": "binary-expr",
        "locations": [
          {
            "start": { "line": 3, "column": 15 },
            "end": { "line": 3, "column": 22 }
          },
          {
            "start": { "line": 3, "column": 15 },
            "end": { "line": 3, "column": 22 }
          }
        ]
      },
      "3": {
        "loc": {
          "start": { "line": 3, "column": 15 },
          "end": { "line": 3, "column": 22 }
        },
        "type": "if",
        "locations": [
          {
            "start": { "line": 3, "column": 15 },
            "end": { "line": 3, "column": 22 }
          }
        ]
      },
      "4": {
        "loc": {
          "start": { "line": 18, "column": 4 },
          "end": { "line": 20, "column": null }
        },
        "type": "if",
        "locations": [
          {
            "start": { "line": 18, "column": 4 },
            "end": { "line": 20, "column": null }
          }
        ]
      },
      "5": {
        "loc": {
          "start": { "line": 27, "column": 4 },
          "end": { "line": 36, "column": null }
        },
        "type": "if",
        "locations": [
          {
            "start": { "line": 27, "column": 4 },
            "end": { "line": 36, "column": null }
          }
        ]
      },
      "6": {
        "loc": {
          "start": { "line": 40, "column": 6 },
          "end": { "line": 40, "column": null }
        },
        "type": "cond-expr",
        "locations": [
          {
            "start": { "line": 40, "column": 19 },
            "end": { "line": 40, "column": 47 }
          },
          {
            "start": { "line": 40, "column": 47 },
            "end": { "line": 40, "column": null }
          }
        ]
      },
      "7": {
        "loc": {
          "start": { "line": 43, "column": 6 },
          "end": { "line": 45, "column": null }
        },
        "type": "cond-expr",
        "locations": [
          {
            "start": { "line": 44, "column": 10 },
            "end": { "line": 44, "column": null }
          },
          {
            "start": { "line": 45, "column": 10 },
            "end": { "line": 45, "column": null }
          }
        ]
      },
      "8": {
        "loc": {
          "start": { "line": 78, "column": 8 },
          "end": { "line": 78, "column": 21 }
        },
        "type": "binary-expr",
        "locations": [
          {
            "start": { "line": 78, "column": 8 },
            "end": { "line": 78, "column": 19 }
          },
          {
            "start": { "line": 78, "column": 19 },
            "end": { "line": 78, "column": 21 }
          }
        ]
      },
      "9": {
        "loc": {
          "start": { "line": 79, "column": 8 },
          "end": { "line": 79, "column": 26 }
        },
        "type": "binary-expr",
        "locations": [
          {
            "start": { "line": 79, "column": 8 },
            "end": { "line": 79, "column": 24 }
          },
          {
            "start": { "line": 79, "column": 24 },
            "end": { "line": 79, "column": 26 }
          }
        ]
      },
      "10": {
        "loc": {
          "start": { "line": 80, "column": 8 },
          "end": { "line": 80, "column": 26 }
        },
        "type": "binary-expr",
        "locations": [
          {
            "start": { "line": 80, "column": 8 },
            "end": { "line": 80, "column": 24 }
          },
          {
            "start": { "line": 80, "column": 24 },
            "end": { "line": 80, "column": 26 }
          }
        ]
      },
      "11": {
        "loc": {
          "start": { "line": 81, "column": 8 },
          "end": { "line": 81, "column": 24 }
        },
        "type": "binary-expr",
        "locations": [
          {
            "start": { "line": 81, "column": 8 },
            "end": { "line": 81, "column": 22 }
          },
          {
            "start": { "line": 81, "column": 22 },
            "end": { "line": 81, "column": 24 }
          }
        ]
      },
      "12": {
        "loc": {
          "start": { "line": 83, "column": 2 },
          "end": { "line": 93, "column": null }
        },
        "type": "if",
        "locations": [
          {
            "start": { "line": 83, "column": 2 },
            "end": { "line": 93, "column": null }
          }
        ]
      },
      "13": {
        "loc": {
          "start": { "line": 84, "column": 4 },
          "end": { "line": 92, "column": null }
        },
        "type": "if",
        "locations": [
          {
            "start": { "line": 84, "column": 4 },
            "end": { "line": 92, "column": null }
          },
          {
            "start": { "line": 90, "column": 11 },
            "end": { "line": 92, "column": null }
          }
        ]
      },
      "14": {
        "loc": {
          "start": { "line": 86, "column": 6 },
          "end": { "line": 89, "column": null }
        },
        "type": "if",
        "locations": [
          {
            "start": { "line": 86, "column": 6 },
            "end": { "line": 89, "column": null }
          }
        ]
      },
      "15": {
        "loc": {
          "start": { "line": 88, "column": 8 },
          "end": { "line": 88, "column": 25 }
        },
        "type": "if",
        "locations": [
          {
            "start": { "line": 88, "column": 8 },
            "end": { "line": 88, "column": 25 }
          }
        ]
      }
    },
    "s": {
      "0": 1,
      "1": 0,
      "2": 0,
      "3": 0,
      "4": 0,
      "5": 0,
      "6": 0,
      "7": 0,
      "8": 0,
      "9": 0,
      "10": 0,
      "11": 0,
      "12": 0,
      "13": 0,
      "14": 0,
      "15": 0,
      "16": 0,
      "17": 0,
      "18": 0,
      "19": 0,
      "20": 0,
      "21": 0,
      "22": 1,
      "23": 0,
      "24": 0,
      "25": 0,
      "26": 0,
      "27": 0,
      "28": 0,
      "29": 0,
      "30": 0,
      "31": 0,
      "32": 0,
      "33": 0
    },
    "f": { "0": 0, "1": 0, "2": 0 },
    "b": {
      "0": [0, 0, 0, 0, 0, 0, 0, 0],
      "1": [0, 0],
      "2": [0, 0],
      "3": [0],
      "4": [0],
      "5": [0],
      "6": [0, 0],
      "7": [0, 0],
      "8": [0, 0],
      "9": [0, 0],
      "10": [0, 0],
      "11": [0, 0],
      "12": [0],
      "13": [0, 0],
      "14": [0],
      "15": [0]
    }
  },
  "/home/clochard/dev/node/new-api/src/routes/users/me/popups/_get/index.ts": {
    "path": "/home/clochard/dev/node/new-api/src/routes/users/me/popups/_get/index.ts",
    "statementMap": {
      "0": {
        "start": { "line": 3, "column": 0 },
        "end": { "line": 3, "column": null }
      },
      "1": {
        "start": { "line": 5, "column": 15 },
        "end": { "line": 5, "column": null }
      },
      "2": {
        "start": { "line": 11, "column": 10 },
        "end": { "line": 5, "column": null }
      },
      "3": {
        "start": { "line": 16, "column": 10 },
        "end": { "line": 5, "column": null }
      },
      "4": {
        "start": { "line": 18, "column": 4 },
        "end": { "line": 18, "column": 7 }
      },
      "5": {
        "start": { "line": 21, "column": 4 },
        "end": { "line": 21, "column": 7 }
      }
    },
    "fnMap": {
      "0": {
        "name": "_callee",
        "decl": {
          "start": { "line": 5, "column": 15 },
          "end": { "line": 5, "column": null }
        },
        "loc": {
          "start": { "line": 5, "column": 15 },
          "end": { "line": 5, "column": null }
        }
      }
    },
    "branchMap": {
      "0": {
        "loc": {
          "start": { "line": 5, "column": 15 },
          "end": { "line": 5, "column": null }
        },
        "type": "switch",
        "locations": [
          {
            "start": { "line": 5, "column": 15 },
            "end": { "line": 5, "column": null }
          },
          {
            "start": { "line": 5, "column": 15 },
            "end": { "line": 5, "column": null }
          },
          {
            "start": { "line": 5, "column": 15 },
            "end": { "line": 5, "column": null }
          },
          {
            "start": { "line": 5, "column": 15 },
            "end": { "line": 5, "column": null }
          },
          {
            "start": { "line": 5, "column": 15 },
            "end": { "line": 5, "column": null }
          }
        ]
      },
      "1": {
        "loc": {
          "start": { "line": 12, "column": 6 },
          "end": { "line": 14, "column": null }
        },
        "type": "binary-expr",
        "locations": [
          {
            "start": { "line": 12, "column": 6 },
            "end": { "line": 12, "column": null }
          },
          {
            "start": { "line": 13, "column": 6 },
            "end": { "line": 13, "column": null }
          },
          {
            "start": { "line": 14, "column": 6 },
            "end": { "line": 14, "column": null }
          }
        ]
      }
    },
    "s": { "0": 1, "1": 0, "2": 0, "3": 0, "4": 0, "5": 0 },
    "f": { "0": 0 },
    "b": { "0": [0, 0, 0, 0, 0], "1": [0, 0, 0] }
  },
  "/home/clochard/dev/node/new-api/src/routes/users/me/popups/_get/popupId/_get/index.ts": {
    "path": "/home/clochard/dev/node/new-api/src/routes/users/me/popups/_get/popupId/_get/index.ts",
    "statementMap": {
      "0": {
        "start": { "line": 1, "column": 0 },
        "end": { "line": 1, "column": null }
      },
      "1": {
        "start": { "line": 4, "column": 0 },
        "end": { "line": 4, "column": null }
      },
      "2": {
        "start": { "line": 7, "column": 15 },
        "end": { "line": 7, "column": null }
      },
      "3": {
        "start": { "line": 13, "column": 10 },
        "end": { "line": 7, "column": null }
      },
      "4": {
        "start": { "line": 14, "column": 10 },
        "end": { "line": 7, "column": null }
      },
      "5": {
        "start": { "line": 16, "column": 10 },
        "end": { "line": 7, "column": null }
      },
      "6": {
        "start": { "line": 16, "column": 30 },
        "end": { "line": 16, "column": 31 }
      },
      "7": {
        "start": { "line": 27, "column": 4 },
        "end": { "line": 27, "column": 7 }
      },
      "8": {
        "start": { "line": 30, "column": 4 },
        "end": { "line": 30, "column": 7 }
      }
    },
    "fnMap": {
      "0": {
        "name": "_callee",
        "decl": {
          "start": { "line": 7, "column": 15 },
          "end": { "line": 7, "column": null }
        },
        "loc": {
          "start": { "line": 7, "column": 15 },
          "end": { "line": 7, "column": null }
        }
      },
      "1": {
        "name": "(anonymous_6)",
        "decl": {
          "start": { "line": 16, "column": 30 },
          "end": { "line": 16, "column": 31 }
        },
        "loc": {
          "start": { "line": 16, "column": 30 },
          "end": { "line": 16, "column": 31 }
        }
      }
    },
    "branchMap": {
      "0": {
        "loc": {
          "start": { "line": 7, "column": 15 },
          "end": { "line": 7, "column": null }
        },
        "type": "switch",
        "locations": [
          {
            "start": { "line": 7, "column": 15 },
            "end": { "line": 7, "column": null }
          },
          {
            "start": { "line": 7, "column": 15 },
            "end": { "line": 7, "column": null }
          },
          {
            "start": { "line": 7, "column": 15 },
            "end": { "line": 7, "column": null }
          },
          {
            "start": { "line": 7, "column": 15 },
            "end": { "line": 7, "column": null }
          },
          {
            "start": { "line": 7, "column": 15 },
            "end": { "line": 7, "column": null }
          },
          {
            "start": { "line": 7, "column": 15 },
            "end": { "line": 7, "column": null }
          },
          {
            "start": { "line": 7, "column": 15 },
            "end": { "line": 7, "column": null }
          }
        ]
      },
      "1": {
        "loc": {
          "start": { "line": 15, "column": 6 },
          "end": { "line": 15, "column": null }
        },
        "type": "cond-expr",
        "locations": [
          {
            "start": { "line": 15, "column": 51 },
            "end": { "line": 15, "column": 76 }
          },
          {
            "start": { "line": 15, "column": 76 },
            "end": { "line": 15, "column": null }
          }
        ]
      },
      "2": {
        "loc": {
          "start": { "line": 7, "column": 15 },
          "end": { "line": 7, "column": null }
        },
        "type": "if",
        "locations": [
          {
            "start": { "line": 7, "column": 15 },
            "end": { "line": 7, "column": null }
          }
        ]
      }
    },
    "s": {
      "0": 1,
      "1": 1,
      "2": 0,
      "3": 0,
      "4": 0,
      "5": 0,
      "6": 0,
      "7": 0,
      "8": 0
    },
    "f": { "0": 0, "1": 0 },
    "b": { "0": [0, 0, 0, 0, 0, 0, 0], "1": [0, 0], "2": [0] }
  }
}
