TN:
SF:src/app.ts
FN:44,(anonymous_0)
FN:47,(anonymous_1)
FNF:2
FNH:1
FNDA:0,(anonymous_0)
FNDA:1,(anonymous_1)
DA:1,1
DA:2,1
DA:3,1
DA:4,1
DA:6,1
DA:7,1
DA:8,1
DA:10,1
DA:14,1
DA:15,1
DA:16,0
DA:17,0
DA:19,1
DA:20,1
DA:26,1
DA:28,1
DA:30,1
DA:31,1
DA:32,1
DA:34,1
DA:36,1
DA:37,1
DA:38,1
DA:44,1
DA:45,0
DA:47,1
DA:49,1
LF:27
LH:24
BRDA:15,0,0,0
BRF:1
BRH:0
end_of_record
TN:
SF:src/config.ts
FNF:0
FNH:0
DA:1,2
DA:3,2
DA:34,2
DA:62,2
DA:63,0
DA:69,2
DA:70,0
DA:73,2
LF:8
LH:6
BRDA:35,0,0,2
BRDA:35,0,1,0
BRDA:38,1,0,2
BRDA:38,1,1,0
BRDA:40,2,0,2
BRDA:40,2,1,0
BRDA:41,3,0,2
BRDA:41,3,1,0
BRDA:43,4,0,2
BRDA:43,4,1,0
BRDA:46,5,0,2
BRDA:46,5,1,0
BRDA:49,6,0,2
BRDA:49,6,1,0
BRDA:50,7,0,2
BRDA:50,7,1,0
BRDA:53,8,0,2
BRDA:53,8,1,0
BRDA:54,9,0,2
BRDA:54,9,1,0
BRDA:55,10,0,2
BRDA:55,10,1,0
BRDA:56,11,0,2
BRDA:56,11,1,0
BRDA:57,12,0,2
BRDA:57,12,1,0
BRDA:59,13,0,2
BRDA:59,13,1,0
BRDA:62,14,0,0
BRDA:62,15,0,2
BRDA:62,15,1,0
BRDA:64,16,0,0
BRDA:64,16,1,0
BRDA:65,17,0,0
BRDA:65,17,1,0
BRDA:69,18,0,0
BRDA:70,19,0,0
BRDA:70,19,1,0
BRF:38
BRH:15
end_of_record
TN:
SF:src/features/db/index.ts
FN:5,format
FN:8,query
FN:11,(anonymous_2)
FN:12,(anonymous_3)
FN:16,(anonymous_4)
FN:19,insert
FN:22,(anonymous_6)
FN:25,(anonymous_7)
FN:32,(anonymous_8)
FNF:9
FNH:0
FNDA:0,format
FNDA:0,query
FNDA:0,(anonymous_2)
FNDA:0,(anonymous_3)
FNDA:0,(anonymous_4)
FNDA:0,insert
FNDA:0,(anonymous_6)
FNDA:0,(anonymous_7)
FNDA:0,(anonymous_8)
DA:1,2
DA:3,2
DA:5,2
DA:8,2
DA:9,0
DA:10,0
DA:11,0
DA:12,0
DA:13,0
DA:14,0
DA:16,0
DA:19,2
DA:20,0
DA:21,0
DA:22,0
DA:23,0
DA:24,0
DA:25,0
DA:26,0
DA:27,0
DA:28,0
DA:30,0
DA:32,0
LF:23
LH:5
BRDA:13,0,0,0
BRDA:26,1,0,0
BRDA:27,2,0,0
BRF:3
BRH:0
end_of_record
TN:
SF:src/features/escapeCharacters/index.ts
FN:1,_default
FN:6,(anonymous_1)
FN:8,(anonymous_2)
FN:9,(anonymous_3)
FNF:4
FNH:0
FNDA:0,_default
FNDA:0,(anonymous_1)
FNDA:0,(anonymous_2)
FNDA:0,(anonymous_3)
DA:1,1
DA:2,0
DA:3,0
DA:6,0
DA:8,0
DA:9,0
DA:10,0
LF:7
LH:1
BRF:0
BRH:0
end_of_record
TN:
SF:src/features/mail/send/index.ts
FN:7,(anonymous_0)
FN:7,_callee
FN:7,send
FNF:3
FNH:1
FNDA:1,(anonymous_0)
FNDA:0,_callee
FNDA:0,send
DA:1,1
DA:3,1
DA:5,1
DA:7,3
DA:8,0
DA:20,0
DA:21,0
DA:24,0
DA:25,0
DA:27,0
DA:36,0
DA:39,0
DA:40,0
DA:41,0
LF:14
LH:4
BRDA:7,0,0,0
BRDA:7,0,1,0
BRDA:7,0,2,0
BRDA:7,0,3,0
BRDA:7,0,4,0
BRDA:20,1,0,0
BRDA:24,2,0,0
BRDA:40,3,0,0
BRF:8
BRH:0
end_of_record
TN:
SF:src/features/paypal/index.ts
FN:12,Paypal
FN:29,_callee
FN:61,_callee2
FN:171,_callee3
FN:194,(anonymous_13)
FNF:5
FNH:0
FNDA:0,Paypal
FNDA:0,_callee
FNDA:0,_callee2
FNDA:0,_callee3
FNDA:0,(anonymous_13)
DA:1,1
DA:20,0
DA:21,0
DA:22,0
DA:23,0
DA:24,0
DA:29,0
DA:38,0
DA:52,0
DA:53,0
DA:61,0
DA:62,0
DA:72,0
DA:79,0
DA:82,0
DA:111,0
DA:134,0
DA:136,0
DA:138,0
DA:171,0
DA:173,0
DA:178,0
DA:183,0
DA:194,0
DA:202,1
LF:25
LH:2
BRDA:20,0,0,0
BRDA:20,0,1,0
BRDA:24,1,0,0
BRDA:24,1,1,0
BRDA:29,2,0,0
BRDA:29,2,1,0
BRDA:29,2,2,0
BRDA:29,2,3,0
BRDA:29,2,4,0
BRDA:29,2,5,0
BRDA:29,3,0,0
BRDA:31,4,0,0
BRDA:31,4,1,0
BRDA:31,4,2,0
BRDA:61,5,0,0
BRDA:61,5,1,0
BRDA:61,5,2,0
BRDA:61,5,3,0
BRDA:61,5,4,0
BRDA:61,5,5,0
BRDA:61,5,6,0
BRDA:61,5,7,0
BRDA:61,5,8,0
BRDA:61,5,9,0
BRDA:61,5,10,0
BRDA:61,5,11,0
BRDA:61,5,12,0
BRDA:61,5,13,0
BRDA:79,6,0,0
BRDA:79,6,1,0
BRDA:61,7,0,0
BRDA:61,8,0,0
BRDA:61,8,1,0
BRDA:61,8,2,0
BRDA:114,9,0,0
BRDA:114,9,1,0
BRDA:114,10,0,0
BRDA:114,10,1,0
BRDA:119,11,0,0
BRDA:119,11,1,0
BRDA:119,12,0,0
BRDA:119,12,1,0
BRDA:119,13,0,0
BRDA:119,13,1,0
BRDA:128,14,0,0
BRDA:128,14,1,0
BRDA:128,15,0,0
BRDA:128,15,1,0
BRDA:163,16,0,0
BRDA:163,16,1,0
BRDA:171,17,0,0
BRDA:171,17,1,0
BRDA:171,17,2,0
BRDA:171,17,3,0
BRDA:171,17,4,0
BRDA:171,17,5,0
BRDA:171,17,6,0
BRDA:171,17,7,0
BRDA:171,17,8,0
BRDA:171,17,9,0
BRDA:171,17,10,0
BRDA:171,18,0,0
BRDA:171,18,1,0
BRDA:171,19,0,0
BRDA:171,19,1,0
BRDA:171,20,0,0
BRF:66
BRH:0
end_of_record
TN:
SF:src/features/tranferwise/index.ts
FN:19,Transferwise
FN:33,_callee
FN:60,_callee2
FN:86,(anonymous_14)
FN:94,_callee3
FN:102,_callee4
FN:127,(anonymous_23)
FN:146,_callee5
FN:177,_callee6
FN:245,_callee7
FN:258,(anonymous_36)
FNF:11
FNH:0
FNDA:0,Transferwise
FNDA:0,_callee
FNDA:0,_callee2
FNDA:0,(anonymous_14)
FNDA:0,_callee3
FNDA:0,_callee4
FNDA:0,(anonymous_23)
FNDA:0,_callee5
FNDA:0,_callee6
FNDA:0,_callee7
FNDA:0,(anonymous_36)
DA:2,1
DA:4,1
DA:5,1
DA:25,0
DA:26,0
DA:27,0
DA:30,0
DA:33,0
DA:40,0
DA:60,0
DA:75,0
DA:84,0
DA:85,0
DA:86,0
DA:94,0
DA:102,0
DA:111,0
DA:123,0
DA:127,0
DA:146,0
DA:147,0
DA:155,0
DA:158,0
DA:169,0
DA:177,0
DA:178,0
DA:192,0
DA:199,0
DA:202,0
DA:215,0
DA:245,0
DA:246,0
DA:256,0
DA:257,0
DA:258,0
DA:267,0
DA:272,0
DA:282,0
DA:288,0
DA:298,0
DA:304,0
DA:314,0
DA:318,0
DA:320,0
DA:331,1
LF:45
LH:4
BRDA:25,0,0,0
BRDA:25,0,1,0
BRDA:27,1,0,0
BRDA:27,1,1,0
BRDA:33,2,0,0
BRDA:33,2,1,0
BRDA:33,2,2,0
BRDA:33,2,3,0
BRDA:33,2,4,0
BRDA:33,2,5,0
BRDA:33,3,0,0
BRDA:51,4,0,0
BRDA:51,4,1,0
BRDA:60,5,0,0
BRDA:60,5,1,0
BRDA:60,5,2,0
BRDA:60,5,3,0
BRDA:60,5,4,0
BRDA:60,6,0,0
BRDA:60,6,1,0
BRDA:60,7,0,0
BRDA:60,7,1,0
BRDA:94,8,0,0
BRDA:94,8,1,0
BRDA:94,8,2,0
BRDA:94,8,3,0
BRDA:94,8,4,0
BRDA:102,9,0,0
BRDA:102,9,1,0
BRDA:102,9,2,0
BRDA:102,9,3,0
BRDA:102,9,4,0
BRDA:102,9,5,0
BRDA:102,10,0,0
BRDA:102,10,1,0
BRDA:102,11,0,0
BRDA:125,12,0,0
BRDA:125,12,1,0
BRDA:125,12,2,0
BRDA:125,12,3,0
BRDA:125,12,4,0
BRDA:125,12,5,0
BRDA:128,13,0,0
BRDA:128,13,1,0
BRDA:132,14,0,0
BRDA:132,14,1,0
BRDA:132,15,0,0
BRDA:132,15,1,0
BRDA:137,16,0,0
BRDA:137,16,1,0
BRDA:137,17,0,0
BRDA:137,17,1,0
BRDA:140,18,0,0
BRDA:140,18,1,0
BRDA:140,19,0,0
BRDA:140,19,1,0
BRDA:146,20,0,0
BRDA:146,20,1,0
BRDA:146,20,2,0
BRDA:146,20,3,0
BRDA:146,20,4,0
BRDA:155,21,0,0
BRDA:155,21,1,0
BRDA:171,22,0,0
BRDA:171,22,1,0
BRDA:171,23,0,0
BRDA:171,23,1,0
BRDA:172,24,0,0
BRDA:172,24,1,0
BRDA:172,25,0,0
BRDA:172,25,1,0
BRDA:172,26,0,0
BRDA:172,26,1,0
BRDA:177,27,0,0
BRDA:177,27,1,0
BRDA:177,27,2,0
BRDA:177,27,3,0
BRDA:177,27,4,0
BRDA:177,27,5,0
BRDA:177,27,6,0
BRDA:177,27,7,0
BRDA:177,27,8,0
BRDA:177,27,9,0
BRDA:177,27,10,0
BRDA:177,27,11,0
BRDA:177,27,12,0
BRDA:177,28,0,0
BRDA:194,29,0,0
BRDA:194,29,1,0
BRDA:194,30,0,0
BRDA:194,30,1,0
BRDA:194,31,0,0
BRDA:194,31,1,0
BRDA:217,32,0,0
BRDA:217,32,1,0
BRDA:217,32,2,0
BRDA:217,32,3,0
BRDA:217,32,4,0
BRDA:239,33,0,0
BRDA:239,33,1,0
BRDA:239,34,0,0
BRDA:239,34,1,0
BRDA:240,35,0,0
BRDA:240,35,1,0
BRDA:240,36,0,0
BRDA:240,36,1,0
BRDA:240,37,0,0
BRDA:240,37,1,0
BRDA:245,38,0,0
BRDA:245,38,1,0
BRDA:245,38,2,0
BRDA:245,38,3,0
BRDA:245,38,4,0
BRDA:245,38,5,0
BRDA:245,38,6,0
BRDA:245,38,7,0
BRDA:245,38,8,0
BRDA:245,38,9,0
BRDA:245,38,10,0
BRDA:245,38,11,0
BRDA:245,38,12,0
BRDA:245,38,13,0
BRDA:245,38,14,0
BRDA:245,38,15,0
BRDA:245,38,16,0
BRDA:245,38,17,0
BRDA:245,38,18,0
BRDA:245,38,19,0
BRDA:245,38,20,0
BRDA:245,39,0,0
BRDA:245,40,0,0
BRDA:245,40,1,0
BRDA:245,40,2,0
BRDA:245,40,3,0
BRDA:245,40,4,0
BRDA:275,41,0,0
BRDA:275,41,1,0
BRDA:275,42,0,0
BRDA:275,42,1,0
BRDA:275,43,0,0
BRDA:275,43,1,0
BRDA:245,44,0,0
BRDA:245,44,1,0
BRDA:245,44,2,0
BRDA:245,44,3,0
BRDA:245,44,4,0
BRDA:291,45,0,0
BRDA:291,45,1,0
BRDA:291,46,0,0
BRDA:291,46,1,0
BRDA:291,47,0,0
BRDA:291,47,1,0
BRDA:245,48,0,0
BRDA:245,48,1,0
BRDA:245,48,2,0
BRDA:245,48,3,0
BRDA:245,48,4,0
BRDA:307,49,0,0
BRDA:307,49,1,0
BRDA:307,50,0,0
BRDA:307,50,1,0
BRDA:307,51,0,0
BRDA:307,51,1,0
BRDA:245,52,0,0
BRDA:245,52,1,0
BRDA:245,52,2,0
BRDA:245,52,3,0
BRDA:245,52,4,0
BRDA:323,53,0,0
BRDA:323,53,1,0
BRDA:323,54,0,0
BRDA:323,54,1,0
BRDA:323,55,0,0
BRDA:323,55,1,0
BRF:174
BRH:0
end_of_record
TN:
SF:src/features/tranferwise/signRequest/index.ts
FN:3,_default
FN:5,(anonymous_1)
FN:6,(anonymous_2)
FNF:3
FNH:0
FNDA:0,_default
FNDA:0,(anonymous_1)
FNDA:0,(anonymous_2)
DA:1,1
DA:3,1
DA:4,0
DA:5,0
DA:6,0
DA:7,0
DA:8,0
LF:7
LH:2
BRDA:7,0,0,0
BRF:1
BRH:0
end_of_record
TN:
SF:src/features/tranferwise/stringToUuid/index.ts
FN:1,_default
FN:9,(anonymous_1)
FNF:2
FNH:0
FNDA:0,_default
FNDA:0,(anonymous_1)
DA:1,1
DA:2,0
DA:3,0
DA:4,0
DA:5,0
DA:7,0
DA:10,0
LF:7
LH:1
BRF:0
BRH:0
end_of_record
TN:
SF:src/features/wp/authenticate/index.ts
FN:4,_callee
FN:33,(anonymous_11)
FN:51,(anonymous_12)
FN:61,(anonymous_13)
FNF:4
FNH:0
FNDA:0,_callee
FNDA:0,(anonymous_11)
FNDA:0,(anonymous_12)
FNDA:0,(anonymous_13)
DA:1,1
DA:2,1
DA:4,0
DA:10,0
DA:18,0
DA:20,0
DA:21,0
DA:22,0
DA:24,0
DA:25,0
DA:26,0
DA:27,0
DA:29,0
DA:30,0
DA:32,0
DA:33,0
DA:34,0
DA:35,0
DA:38,0
DA:39,0
DA:42,0
DA:50,0
DA:51,0
DA:52,0
DA:53,0
DA:58,0
DA:60,0
DA:61,0
DA:62,0
DA:63,0
DA:65,0
DA:66,0
DA:67,0
DA:68,0
DA:72,0
DA:73,0
DA:75,0
DA:76,0
DA:78,0
LF:39
LH:2
BRDA:4,0,0,0
BRDA:4,0,1,0
BRDA:4,0,2,0
BRDA:4,0,3,0
BRDA:4,0,4,0
BRDA:4,0,5,0
BRDA:4,0,6,0
BRDA:4,0,7,0
BRDA:4,0,8,0
BRDA:4,0,9,0
BRDA:26,1,0,0
BRDA:32,2,0,0
BRDA:34,3,0,0
BRDA:34,3,1,0
BRDA:38,4,0,0
BRDA:52,5,0,0
BRDA:62,6,0,0
BRDA:66,7,0,0
BRDA:72,8,0,0
BRDA:75,9,0,0
BRF:20
BRH:0
end_of_record
TN:
SF:src/features/wp/createWordpressUser/index.ts
FN:5,(anonymous_3)
FN:5,_callee
FN:5,createWordpressUser
FNF:3
FNH:1
FNDA:1,(anonymous_3)
FNDA:0,_callee
FNDA:0,createWordpressUser
DA:1,1
DA:3,1
DA:5,3
DA:10,0
DA:13,0
DA:18,0
DA:22,0
DA:24,0
DA:33,0
DA:36,0
DA:57,1
LF:11
LH:4
BRDA:5,0,0,0
BRDA:5,0,1,0
BRDA:5,0,2,0
BRDA:5,0,3,0
BRDA:5,0,4,0
BRDA:5,0,5,0
BRDA:5,0,6,0
BRDA:5,0,7,0
BRDA:5,0,8,0
BRDA:5,0,9,0
BRDA:5,0,10,0
BRDA:5,0,11,0
BRDA:5,0,12,0
BRDA:5,0,13,0
BRDA:5,1,0,0
BRF:15
BRH:0
end_of_record
TN:
SF:src/features/wp/getUserById/index.ts
FN:3,_callee
FNF:1
FNH:0
FNDA:0,_callee
DA:1,1
DA:3,0
DA:4,0
DA:9,0
LF:4
LH:1
BRDA:3,0,0,0
BRDA:3,0,1,0
BRDA:3,0,2,0
BRDA:3,0,3,0
BRDA:3,0,4,0
BRF:5
BRH:0
end_of_record
TN:
SF:src/features/wp/getUserByName/index.ts
FN:3,_callee
FNF:1
FNH:0
FNDA:0,_callee
DA:1,1
DA:3,0
DA:4,0
DA:9,0
LF:4
LH:1
BRDA:3,0,0,0
BRDA:3,0,1,0
BRDA:3,0,2,0
BRDA:3,0,3,0
BRDA:3,0,4,0
BRF:5
BRH:0
end_of_record
TN:
SF:src/features/wp/resolvePermalinks/index.ts
FN:5,_callee
FN:9,(anonymous_6)
FN:25,(anonymous_7)
FN:45,(anonymous_8)
FN:50,(anonymous_9)
FNF:5
FNH:0
FNDA:0,_callee
FNDA:0,(anonymous_6)
FNDA:0,(anonymous_7)
FNDA:0,(anonymous_8)
FNDA:0,(anonymous_9)
DA:1,1
DA:3,1
DA:5,0
DA:8,0
DA:9,0
DA:10,0
DA:12,0
DA:19,0
DA:21,0
DA:24,0
DA:25,0
DA:26,0
DA:27,0
DA:28,0
DA:30,0
DA:31,0
DA:33,0
DA:34,0
DA:40,0
DA:43,0
DA:44,0
DA:45,0
DA:46,0
DA:50,0
DA:51,0
DA:52,0
DA:53,0
DA:55,0
DA:58,0
DA:59,0
DA:60,0
DA:64,0
DA:65,0
DA:67,0
DA:71,0
DA:72,0
DA:73,0
DA:76,0
DA:77,0
DA:79,0
DA:85,0
LF:41
LH:2
BRDA:5,0,0,0
BRDA:5,0,1,0
BRDA:5,0,2,0
BRDA:5,0,3,0
BRDA:5,0,4,0
BRDA:5,0,5,0
BRDA:5,0,6,0
BRDA:5,0,7,0
BRDA:10,1,0,0
BRDA:5,2,0,0
BRDA:27,3,0,0
BRDA:30,4,0,0
BRDA:33,5,0,0
BRDA:46,6,0,0
BRDA:46,6,1,0
BRDA:52,7,0,0
BRDA:52,7,1,0
BRDA:52,8,0,0
BRDA:52,8,1,0
BRDA:52,8,2,0
BRDA:59,9,0,0
BRDA:59,9,1,0
BRDA:59,10,0,0
BRDA:59,10,1,0
BRDA:59,10,2,0
BRDA:64,11,0,0
BRDA:64,11,1,0
BRDA:64,12,0,0
BRDA:64,12,1,0
BRDA:64,12,2,0
BRDA:72,13,0,0
BRDA:72,13,1,0
BRDA:72,14,0,0
BRDA:72,14,1,0
BRDA:72,14,2,0
BRDA:76,15,0,0
BRDA:76,15,1,0
BRDA:76,16,0,0
BRDA:76,16,1,0
BRDA:76,16,2,0
BRF:40
BRH:0
end_of_record
TN:
SF:src/middleware/index.ts
FNF:0
FNH:0
DA:1,1
DA:2,1
DA:3,1
DA:4,1
DA:5,1
DA:6,1
DA:8,1
LF:7
LH:7
BRF:0
BRH:0
end_of_record
TN:
SF:src/middleware/jwtSecurityHandler.ts
FN:21,checkCookies
FN:22,(anonymous_1)
FN:23,(anonymous_2)
FN:25,_callee
FN:36,_callee2
FNF:5
FNH:0
FNDA:0,checkCookies
FNDA:0,(anonymous_1)
FNDA:0,(anonymous_2)
FNDA:0,_callee
FNDA:0,_callee2
DA:1,1
DA:2,1
DA:4,1
DA:5,1
DA:6,1
DA:8,1
DA:21,1
DA:22,0
DA:23,0
DA:25,0
DA:27,0
DA:28,0
DA:36,0
DA:41,0
DA:42,0
DA:43,0
DA:46,0
DA:50,0
DA:53,0
DA:54,0
DA:55,0
LF:21
LH:7
BRDA:25,0,0,0
BRDA:25,0,1,0
BRDA:25,0,2,0
BRDA:25,0,3,0
BRDA:25,0,4,0
BRDA:25,0,5,0
BRDA:25,1,0,0
BRDA:36,2,0,0
BRDA:36,2,1,0
BRDA:36,2,2,0
BRDA:36,2,3,0
BRDA:36,2,4,0
BRDA:36,2,5,0
BRDA:42,3,0,0
BRDA:36,4,0,0
BRF:15
BRH:0
end_of_record
TN:
SF:src/middleware/notFound.ts
FN:3,_callee
FNF:1
FNH:0
FNDA:0,_callee
DA:3,0
DA:4,0
LF:2
LH:0
BRDA:3,0,0,0
BRDA:3,0,1,0
BRDA:3,0,2,0
BRF:3
BRH:0
end_of_record
TN:
SF:src/middleware/notImplemented.ts
FN:3,_default
FN:4,_callee
FNF:2
FNH:1
FNDA:2,_default
FNDA:0,_callee
DA:3,4
DA:4,0
DA:5,0
DA:6,0
DA:7,0
LF:5
LH:1
BRDA:4,0,0,0
BRDA:4,0,1,0
BRDA:4,0,2,0
BRDA:6,1,0,0
BRDA:6,2,0,0
BRDA:6,2,1,0
BRDA:10,3,0,0
BRDA:10,3,1,0
BRF:8
BRH:0
end_of_record
TN:
SF:src/middleware/postResponseHandler.ts
FN:4,_default
FNF:1
FNH:1
FNDA:1,_default
DA:2,1
DA:4,1
DA:5,1
DA:6,1
DA:12,1
DA:13,0
DA:14,0
DA:17,0
DA:22,1
LF:9
LH:6
BRDA:5,0,0,1
BRDA:12,1,0,0
BRDA:13,2,0,0
BRDA:13,3,0,0
BRDA:13,3,1,0
BRF:5
BRH:1
end_of_record
TN:
SF:src/middleware/unauthorized.ts
FN:4,_callee
FNF:1
FNH:0
FNDA:0,_callee
DA:2,1
DA:4,0
DA:5,0
DA:6,0
DA:7,0
LF:5
LH:1
BRDA:4,0,0,0
BRDA:4,0,1,0
BRDA:4,0,2,0
BRDA:6,1,0,0
BRDA:6,2,0,0
BRDA:6,2,1,0
BRF:6
BRH:0
end_of_record
TN:
SF:src/middleware/validationFail.ts
FN:3,_default
FNF:1
FNH:0
FNDA:0,_default
DA:3,1
DA:4,0
DA:5,0
LF:3
LH:1
BRF:0
BRH:0
end_of_record
TN:
SF:src/routes/index.ts
FN:6,getAllRoutesByComment
FN:15,(anonymous_1)
FN:22,(anonymous_2)
FN:44,_default
FN:47,(anonymous_4)
FNF:5
FNH:5
FNDA:70,getAllRoutesByComment
FNDA:135,(anonymous_1)
FNDA:36,(anonymous_2)
FNDA:1,_default
FNDA:36,(anonymous_4)
DA:1,1
DA:3,1
DA:4,1
DA:6,1
DA:9,70
DA:10,70
DA:11,70
DA:13,70
DA:15,70
DA:16,135
DA:17,69
DA:19,66
DA:20,66
DA:21,66
DA:22,66
DA:25,66
DA:26,36
DA:27,36
DA:41,70
DA:44,1
DA:45,1
DA:46,1
DA:47,1
DA:48,36
DA:49,36
DA:52,0
LF:26
LH:25
BRDA:9,0,0,69
BRDA:9,0,1,1
BRDA:9,1,0,70
BRDA:9,1,1,69
BRDA:16,2,0,69
BRDA:16,2,1,66
BRDA:25,3,0,36
BRF:7
BRH:7
end_of_record
TN:
SF:src/routes/authenticate/index.ts
FN:10,_callee
FNF:1
FNH:0
FNDA:0,_callee
DA:2,1
DA:4,1
DA:6,1
DA:7,1
DA:8,1
DA:10,0
DA:15,0
DA:17,0
DA:21,0
DA:24,0
DA:28,0
DA:31,0
DA:35,0
DA:42,0
DA:45,0
DA:47,0
DA:51,0
DA:52,0
DA:60,0
DA:63,0
DA:64,0
DA:66,0
LF:22
LH:5
BRDA:10,0,0,0
BRDA:10,0,1,0
BRDA:10,0,2,0
BRDA:10,0,3,0
BRDA:10,0,4,0
BRDA:10,0,5,0
BRDA:10,0,6,0
BRDA:10,0,7,0
BRDA:10,0,8,0
BRDA:10,0,9,0
BRDA:10,0,10,0
BRDA:10,1,0,0
BRDA:46,2,0,0
BRDA:46,2,1,0
BRDA:63,3,0,0
BRDA:63,4,0,0
BRDA:63,4,1,0
BRF:17
BRH:0
end_of_record
TN:
SF:src/routes/certifications/_get/index.ts
FN:5,_callee
FN:19,(anonymous_6)
FN:24,(anonymous_7)
FN:31,(anonymous_8)
FN:53,(anonymous_9)
FNF:5
FNH:0
FNDA:0,_callee
FNDA:0,(anonymous_6)
FNDA:0,(anonymous_7)
FNDA:0,(anonymous_8)
FNDA:0,(anonymous_9)
DA:1,1
DA:5,0
DA:11,0
DA:12,0
DA:13,0
DA:14,0
DA:16,0
DA:18,0
DA:19,0
DA:23,0
DA:24,0
DA:25,0
DA:26,0
DA:27,0
DA:28,0
DA:30,0
DA:32,0
DA:33,0
DA:36,0
DA:38,0
DA:41,0
DA:50,0
DA:53,0
DA:61,0
DA:62,0
DA:65,0
LF:26
LH:1
BRDA:5,0,0,0
BRDA:5,0,1,0
BRDA:5,0,2,0
BRDA:5,0,3,0
BRDA:5,0,4,0
BRDA:5,0,5,0
BRDA:18,1,0,0
BRDA:23,2,0,0
BRDA:26,3,0,0
BRDA:5,4,0,0
BRDA:61,5,0,0
BRDA:61,6,0,0
BRDA:61,6,1,0
BRF:13
BRH:0
end_of_record
TN:
SF:src/routes/custom_user_fields/_get/index.ts
FN:30,_callee
FN:56,(anonymous_6)
FN:70,(anonymous_7)
FN:73,(anonymous_8)
FN:104,(anonymous_9)
FN:113,(anonymous_10)
FN:128,(anonymous_11)
FN:131,(anonymous_12)
FN:152,(anonymous_13)
FN:153,(anonymous_14)
FN:154,(anonymous_15)
FN:173,(anonymous_16)
FNF:12
FNH:0
FNDA:0,_callee
FNDA:0,(anonymous_6)
FNDA:0,(anonymous_7)
FNDA:0,(anonymous_8)
FNDA:0,(anonymous_9)
FNDA:0,(anonymous_10)
FNDA:0,(anonymous_11)
FNDA:0,(anonymous_12)
FNDA:0,(anonymous_13)
FNDA:0,(anonymous_14)
FNDA:0,(anonymous_15)
FNDA:0,(anonymous_16)
DA:1,1
DA:30,0
DA:36,0
DA:51,0
DA:52,0
DA:53,0
DA:54,0
DA:55,0
DA:57,0
DA:69,0
DA:70,0
DA:72,0
DA:74,0
DA:75,0
DA:80,0
DA:88,0
DA:98,0
DA:100,0
DA:102,0
DA:103,0
DA:113,0
DA:114,0
DA:115,0
DA:127,0
DA:128,0
DA:130,0
DA:132,0
DA:133,0
DA:137,0
DA:143,0
DA:148,0
DA:150,0
DA:151,0
DA:153,0
DA:154,0
DA:155,0
DA:156,0
DA:157,0
DA:161,0
DA:168,0
DA:172,0
DA:173,0
DA:175,0
LF:43
LH:1
BRDA:30,0,0,0
BRDA:30,0,1,0
BRDA:30,0,2,0
BRDA:30,0,3,0
BRDA:30,0,4,0
BRDA:30,0,5,0
BRDA:30,0,6,0
BRDA:30,0,7,0
BRDA:30,0,8,0
BRDA:30,0,9,0
BRDA:30,0,10,0
BRDA:30,0,11,0
BRDA:30,0,12,0
BRDA:30,0,13,0
BRDA:30,0,14,0
BRDA:114,1,0,0
BRDA:119,2,0,0
BRDA:119,2,1,0
BRDA:143,3,0,0
BRDA:143,4,0,0
BRDA:143,4,1,0
BRDA:155,5,0,0
BRDA:156,6,0,0
BRDA:156,6,1,0
BRDA:168,7,0,0
BRDA:168,8,0,0
BRDA:168,8,1,0
BRDA:175,9,0,0
BRDA:175,9,1,0
BRF:29
BRH:0
end_of_record
TN:
SF:src/routes/device/device_type/model/_get/index.ts
FN:5,_callee
FN:28,(anonymous_6)
FN:34,(anonymous_7)
FN:41,(anonymous_8)
FN:62,(anonymous_9)
FN:64,(anonymous_10)
FNF:6
FNH:0
FNDA:0,_callee
FNDA:0,(anonymous_6)
FNDA:0,(anonymous_7)
FNDA:0,(anonymous_8)
FNDA:0,(anonymous_9)
FNDA:0,(anonymous_10)
DA:1,1
DA:5,0
DA:11,0
DA:12,0
DA:13,0
DA:15,0
DA:20,0
DA:24,0
DA:25,0
DA:26,0
DA:28,0
DA:32,0
DA:33,0
DA:34,0
DA:35,0
DA:36,0
DA:37,0
DA:38,0
DA:40,0
DA:42,0
DA:43,0
DA:46,0
DA:48,0
DA:51,0
DA:52,0
DA:53,0
DA:57,0
DA:61,0
DA:63,0
DA:64,0
DA:66,0
DA:67,0
DA:71,0
DA:73,0
DA:80,0
DA:83,0
LF:36
LH:1
BRDA:5,0,0,0
BRDA:5,0,1,0
BRDA:5,0,2,0
BRDA:5,0,3,0
BRDA:5,0,4,0
BRDA:5,0,5,0
BRDA:12,1,0,0
BRDA:16,2,0,0
BRDA:16,2,1,0
BRDA:16,3,0,0
BRDA:16,3,1,0
BRDA:32,4,0,0
BRDA:32,5,0,0
BRDA:32,5,1,0
BRDA:36,6,0,0
BRDA:5,7,0,0
BRDA:66,8,0,0
BRF:17
BRH:0
end_of_record
TN:
SF:src/routes/device/device_type/operating_systems/_get/index.ts
FN:5,_callee
FN:29,(anonymous_6)
FN:34,(anonymous_7)
FN:41,(anonymous_8)
FN:61,(anonymous_9)
FN:70,(anonymous_10)
FNF:6
FNH:0
FNDA:0,_callee
FNDA:0,(anonymous_6)
FNDA:0,(anonymous_7)
FNDA:0,(anonymous_8)
FNDA:0,(anonymous_9)
FNDA:0,(anonymous_10)
DA:1,1
DA:5,0
DA:11,0
DA:12,0
DA:13,0
DA:15,0
DA:20,0
DA:21,0
DA:22,0
DA:23,0
DA:26,0
DA:27,0
DA:29,0
DA:33,0
DA:34,0
DA:35,0
DA:36,0
DA:37,0
DA:38,0
DA:40,0
DA:42,0
DA:43,0
DA:46,0
DA:48,0
DA:51,0
DA:52,0
DA:53,0
DA:55,0
DA:58,0
DA:60,0
DA:62,0
DA:69,0
DA:71,0
DA:77,0
LF:34
LH:1
BRDA:5,0,0,0
BRDA:5,0,1,0
BRDA:5,0,2,0
BRDA:5,0,3,0
BRDA:5,0,4,0
BRDA:5,0,5,0
BRDA:5,0,6,0
BRDA:5,0,7,0
BRDA:12,1,0,0
BRDA:16,2,0,0
BRDA:16,2,1,0
BRDA:16,3,0,0
BRDA:16,3,1,0
BRDA:33,4,0,0
BRDA:33,5,0,0
BRDA:33,5,1,0
BRDA:36,6,0,0
BRDA:5,7,0,0
BRF:18
BRH:0
end_of_record
TN:
SF:src/routes/device/device_type/os_versions/_get/index.ts
FN:5,_callee
FN:26,(anonymous_6)
FN:31,(anonymous_7)
FN:39,(anonymous_8)
FN:57,(anonymous_9)
FNF:5
FNH:0
FNDA:0,_callee
FNDA:0,(anonymous_6)
FNDA:0,(anonymous_7)
FNDA:0,(anonymous_8)
FNDA:0,(anonymous_9)
DA:1,1
DA:5,0
DA:11,0
DA:12,0
DA:13,0
DA:15,0
DA:20,0
DA:22,0
DA:23,0
DA:24,0
DA:26,0
DA:30,0
DA:31,0
DA:32,0
DA:33,0
DA:34,0
DA:35,0
DA:36,0
DA:38,0
DA:40,0
DA:41,0
DA:44,0
DA:46,0
DA:49,0
DA:50,0
DA:51,0
DA:52,0
DA:56,0
DA:58,0
DA:64,0
LF:30
LH:1
BRDA:5,0,0,0
BRDA:5,0,1,0
BRDA:5,0,2,0
BRDA:5,0,3,0
BRDA:5,0,4,0
BRDA:5,0,5,0
BRDA:12,1,0,0
BRDA:16,2,0,0
BRDA:16,2,1,0
BRDA:16,3,0,0
BRDA:16,3,1,0
BRDA:30,4,0,0
BRDA:30,5,0,0
BRDA:30,5,1,0
BRDA:32,6,0,0
BRDA:32,6,1,0
BRDA:34,7,0,0
BRDA:5,8,0,0
BRF:18
BRH:0
end_of_record
TN:
SF:src/routes/education/_get/index.ts
FN:5,_callee
FN:21,(anonymous_6)
FNF:2
FNH:0
FNDA:0,_callee
FNDA:0,(anonymous_6)
DA:1,1
DA:5,0
DA:11,0
DA:12,0
DA:13,0
DA:19,0
DA:21,0
DA:26,0
DA:27,0
DA:30,0
LF:10
LH:1
BRDA:5,0,0,0
BRDA:5,0,1,0
BRDA:5,0,2,0
BRDA:5,0,3,0
BRDA:5,0,4,0
BRDA:5,0,5,0
BRDA:5,1,0,0
BRDA:26,2,0,0
BRDA:26,3,0,0
BRDA:26,3,1,0
BRF:10
BRH:0
end_of_record
TN:
SF:src/routes/employments/_get/index.ts
FN:5,_callee
FN:21,(anonymous_6)
FNF:2
FNH:0
FNDA:0,_callee
FNDA:0,(anonymous_6)
DA:1,1
DA:5,0
DA:11,0
DA:12,0
DA:13,0
DA:19,0
DA:21,0
DA:26,0
DA:27,0
DA:30,0
LF:10
LH:1
BRDA:5,0,0,0
BRDA:5,0,1,0
BRDA:5,0,2,0
BRDA:5,0,3,0
BRDA:5,0,4,0
BRDA:5,0,5,0
BRDA:5,1,0,0
BRDA:26,2,0,0
BRDA:26,3,0,0
BRDA:26,3,1,0
BRF:10
BRH:0
end_of_record
TN:
SF:src/routes/languages/_get/index.ts
FN:5,_callee
FN:21,(anonymous_6)
FNF:2
FNH:0
FNDA:0,_callee
FNDA:0,(anonymous_6)
DA:1,1
DA:5,0
DA:11,0
DA:12,0
DA:13,0
DA:19,0
DA:21,0
DA:26,0
DA:27,0
DA:30,0
LF:10
LH:1
BRDA:5,0,0,0
BRDA:5,0,1,0
BRDA:5,0,2,0
BRDA:5,0,3,0
BRDA:5,0,4,0
BRDA:5,0,5,0
BRDA:5,1,0,0
BRDA:26,2,0,0
BRDA:26,3,0,0
BRDA:26,3,1,0
BRF:10
BRH:0
end_of_record
TN:
SF:src/routes/payments/paymentId/_post/index.ts
FN:9,_callee
FNF:1
FNH:0
FNDA:0,_callee
DA:3,1
DA:4,1
DA:5,1
DA:6,1
DA:9,0
DA:15,0
DA:25,0
DA:29,0
DA:30,0
DA:33,0
DA:34,0
DA:37,0
DA:46,0
DA:59,0
DA:61,0
DA:66,0
DA:67,0
DA:73,0
DA:74,0
DA:76,0
DA:85,0
DA:86,0
DA:88,0
DA:95,0
LF:24
LH:4
BRDA:9,0,0,0
BRDA:9,0,1,0
BRDA:9,0,2,0
BRDA:9,0,3,0
BRDA:9,0,4,0
BRDA:9,0,5,0
BRDA:9,0,6,0
BRDA:9,0,7,0
BRDA:9,0,8,0
BRDA:9,0,9,0
BRDA:9,0,10,0
BRDA:9,0,11,0
BRDA:9,0,12,0
BRDA:9,0,13,0
BRDA:9,0,14,0
BRDA:9,0,15,0
BRDA:9,0,16,0
BRDA:9,0,17,0
BRDA:9,0,18,0
BRDA:9,0,19,0
BRDA:9,0,20,0
BRDA:9,1,0,0
BRDA:9,2,0,0
BRDA:9,2,1,0
BRDA:9,2,2,0
BRDA:9,2,3,0
BRDA:9,2,4,0
BRDA:9,2,5,0
BRDA:9,2,6,0
BRDA:33,3,0,0
BRDA:33,4,0,0
BRDA:33,4,1,0
BRDA:73,5,0,0
BRDA:73,6,0,0
BRDA:73,6,1,0
BRDA:76,7,0,0
BRDA:76,7,1,0
BRDA:85,8,0,0
BRDA:85,9,0,0
BRDA:85,9,1,0
BRDA:88,10,0,0
BRDA:88,10,1,0
BRF:42
BRH:0
end_of_record
TN:
SF:src/routes/payments/paymentId/_post/getPayment/index.ts
FN:3,_callee
FNF:1
FNH:1
FNDA:17,_callee
DA:1,2
DA:3,95
DA:4,4
DA:14,4
DA:16,3
DA:22,1
DA:23,1
DA:25,1
DA:26,1
LF:9
LH:9
BRDA:3,0,0,4
BRDA:3,0,1,4
BRDA:3,0,2,3
BRDA:3,0,3,1
BRDA:3,0,4,3
BRDA:3,0,5,2
BRDA:3,0,6,1
BRDA:3,0,7,2
BRDA:3,0,8,0
BRDA:3,0,9,4
BRDA:3,1,0,6
BRDA:38,2,0,0
BRDA:38,2,1,2
BRF:13
BRH:11
end_of_record
TN:
SF:src/routes/payments/paymentId/_post/sendPaypalPayment/index.ts
FN:5,_callee
FNF:1
FNH:0
FNDA:0,_callee
DA:1,1
DA:2,1
DA:4,1
DA:5,0
DA:6,0
DA:14,0
LF:6
LH:3
BRDA:5,0,0,0
BRDA:5,0,1,0
BRDA:5,0,2,0
BRDA:5,0,3,0
BRDA:5,0,4,0
BRDA:5,0,5,0
BRDA:7,1,0,0
BRDA:7,1,1,0
BRDA:8,2,0,0
BRDA:8,2,1,0
BRF:10
BRH:0
end_of_record
TN:
SF:src/routes/payments/paymentId/_post/sendTransferwisePayment/index.ts
FN:5,_callee
FNF:1
FNH:0
FNDA:0,_callee
DA:1,1
DA:2,1
DA:4,1
DA:5,0
DA:6,0
DA:13,0
LF:6
LH:3
BRDA:5,0,0,0
BRDA:5,0,1,0
BRDA:5,0,2,0
BRDA:5,0,3,0
BRDA:5,0,4,0
BRDA:5,0,5,0
BRDA:7,1,0,0
BRDA:7,1,1,0
BRF:8
BRH:0
end_of_record
TN:
SF:src/routes/payments/paymentId/_post/updatePayment/index.ts
FN:3,_callee
FNF:1
FNH:0
FNDA:0,_callee
DA:1,1
DA:3,0
DA:6,0
DA:20,0
DA:32,0
DA:45,0
LF:6
LH:1
BRDA:3,0,0,0
BRDA:3,0,1,0
BRDA:3,0,2,0
BRDA:3,0,3,0
BRDA:3,0,4,0
BRDA:3,0,5,0
BRDA:3,0,6,0
BRDA:3,0,7,0
BRDA:3,0,8,0
BRDA:3,0,9,0
BRDA:3,0,10,0
BRDA:3,0,11,0
BRDA:3,0,12,0
BRDA:3,0,13,0
BRDA:3,1,0,0
BRDA:11,2,0,0
BRDA:11,2,1,0
BRDA:25,3,0,0
BRDA:25,3,1,0
BRF:19
BRH:0
end_of_record
TN:
SF:src/routes/popups/_get/index.ts
FN:5,_callee
FN:47,mapQueryToObject
FN:73,(anonymous_13)
FNF:3
FNH:0
FNDA:0,_callee
FNDA:0,mapQueryToObject
FNDA:0,(anonymous_13)
DA:1,1
DA:5,0
DA:11,0
DA:19,0
DA:20,0
DA:21,0
DA:22,0
DA:24,0
DA:25,0
DA:26,0
DA:27,0
DA:31,0
DA:34,0
DA:37,0
DA:38,0
DA:40,0
DA:47,1
DA:63,0
DA:69,0
DA:70,0
DA:71,0
DA:72,0
DA:73,0
DA:74,0
DA:77,0
DA:80,0
LF:26
LH:2
BRDA:5,0,0,0
BRDA:5,0,1,0
BRDA:5,0,2,0
BRDA:5,0,3,0
BRDA:5,0,4,0
BRDA:5,0,5,0
BRDA:5,0,6,0
BRDA:5,1,0,0
BRDA:5,2,0,0
BRDA:5,2,1,0
BRDA:5,2,2,0
BRDA:5,2,3,0
BRDA:5,2,4,0
BRDA:5,2,5,0
BRDA:5,2,6,0
BRDA:24,3,0,0
BRDA:24,4,0,0
BRDA:24,4,1,0
BRDA:26,5,0,0
BRDA:26,6,0,0
BRDA:26,6,1,0
BRDA:37,7,0,0
BRDA:37,8,0,0
BRDA:37,8,1,0
BRDA:64,9,0,0
BRDA:64,9,1,0
BRDA:64,10,0,0
BRDA:64,10,1,0
BRDA:65,11,0,0
BRDA:65,11,1,0
BRDA:66,12,0,0
BRDA:66,12,1,0
BRDA:67,13,0,0
BRDA:67,13,1,0
BRDA:69,14,0,0
BRDA:70,15,0,0
BRDA:70,15,1,0
BRDA:72,16,0,0
BRDA:74,17,0,0
BRF:39
BRH:0
end_of_record
TN:
SF:src/routes/popups/_patch/index.ts
FN:5,_callee
FN:50,mapObjectToQuery
FN:67,mapQueryToObject
FN:93,(anonymous_14)
FNF:4
FNH:0
FNDA:0,_callee
FNDA:0,mapObjectToQuery
FNDA:0,mapQueryToObject
FNDA:0,(anonymous_14)
DA:1,1
DA:5,0
DA:11,0
DA:22,0
DA:23,0
DA:28,0
DA:35,0
DA:38,0
DA:39,0
DA:41,0
DA:50,1
DA:51,0
DA:56,0
DA:57,0
DA:58,0
DA:59,0
DA:60,0
DA:61,0
DA:64,0
DA:67,1
DA:83,0
DA:89,0
DA:90,0
DA:91,0
DA:92,0
DA:93,0
DA:94,0
DA:97,0
DA:100,0
LF:29
LH:3
BRDA:5,0,0,0
BRDA:5,0,1,0
BRDA:5,0,2,0
BRDA:5,0,3,0
BRDA:5,0,4,0
BRDA:5,0,5,0
BRDA:5,0,6,0
BRDA:5,0,7,0
BRDA:5,0,8,0
BRDA:5,1,0,0
BRDA:5,2,0,0
BRDA:5,2,1,0
BRDA:5,2,2,0
BRDA:5,2,3,0
BRDA:5,2,4,0
BRDA:5,2,5,0
BRDA:5,2,6,0
BRDA:38,3,0,0
BRDA:38,4,0,0
BRDA:38,4,1,0
BRDA:52,5,0,0
BRDA:52,5,1,0
BRDA:53,6,0,0
BRDA:53,6,1,0
BRDA:54,7,0,0
BRDA:54,7,1,0
BRDA:56,8,0,0
BRDA:57,9,0,0
BRDA:57,9,1,0
BRDA:59,10,0,0
BRDA:84,11,0,0
BRDA:84,11,1,0
BRDA:84,12,0,0
BRDA:84,12,1,0
BRDA:85,13,0,0
BRDA:85,13,1,0
BRDA:86,14,0,0
BRDA:86,14,1,0
BRDA:87,15,0,0
BRDA:87,15,1,0
BRDA:89,16,0,0
BRDA:90,17,0,0
BRDA:90,17,1,0
BRDA:92,18,0,0
BRDA:94,19,0,0
BRF:45
BRH:0
end_of_record
TN:
SF:src/routes/popups/_post/index.ts
FN:5,_callee
FN:43,mapObjectToQuery
FN:60,mapQueryToObject
FN:86,(anonymous_14)
FNF:4
FNH:0
FNDA:0,_callee
FNDA:0,mapObjectToQuery
FNDA:0,mapQueryToObject
FNDA:0,(anonymous_14)
DA:1,1
DA:5,0
DA:11,0
DA:19,0
DA:20,0
DA:23,0
DA:24,0
DA:27,0
DA:31,0
DA:32,0
DA:34,0
DA:43,1
DA:44,0
DA:49,0
DA:50,0
DA:51,0
DA:52,0
DA:53,0
DA:54,0
DA:57,0
DA:60,1
DA:76,0
DA:82,0
DA:83,0
DA:84,0
DA:85,0
DA:86,0
DA:87,0
DA:90,0
DA:93,0
LF:30
LH:3
BRDA:5,0,0,0
BRDA:5,0,1,0
BRDA:5,0,2,0
BRDA:5,0,3,0
BRDA:5,0,4,0
BRDA:5,0,5,0
BRDA:5,0,6,0
BRDA:5,0,7,0
BRDA:5,0,8,0
BRDA:5,1,0,0
BRDA:5,2,0,0
BRDA:5,2,1,0
BRDA:5,2,2,0
BRDA:5,2,3,0
BRDA:5,2,4,0
BRDA:5,2,5,0
BRDA:5,2,6,0
BRDA:31,3,0,0
BRDA:31,4,0,0
BRDA:31,4,1,0
BRDA:45,5,0,0
BRDA:45,5,1,0
BRDA:46,6,0,0
BRDA:46,6,1,0
BRDA:47,7,0,0
BRDA:47,7,1,0
BRDA:49,8,0,0
BRDA:50,9,0,0
BRDA:50,9,1,0
BRDA:52,10,0,0
BRDA:77,11,0,0
BRDA:77,11,1,0
BRDA:77,12,0,0
BRDA:77,12,1,0
BRDA:78,13,0,0
BRDA:78,13,1,0
BRDA:79,14,0,0
BRDA:79,14,1,0
BRDA:80,15,0,0
BRDA:80,15,1,0
BRDA:82,16,0,0
BRDA:83,17,0,0
BRDA:83,17,1,0
BRDA:85,18,0,0
BRDA:87,19,0,0
BRF:45
BRH:0
end_of_record
TN:
SF:src/routes/projects/index.ts
FN:4,_default
FNF:1
FNH:0
FNDA:0,_default
DA:4,1
DA:5,0
DA:6,0
LF:3
LH:1
BRF:0
BRH:0
end_of_record
TN:
SF:src/routes/root/getBranch.ts
FN:3,_default
FNF:1
FNH:0
FNDA:0,_default
DA:1,1
DA:3,1
DA:4,0
DA:5,0
LF:4
LH:2
BRDA:5,0,0,0
BRDA:5,0,1,0
BRF:2
BRH:0
end_of_record
TN:
SF:src/routes/root/getRevision.ts
FN:3,_default
FNF:1
FNH:0
FNDA:0,_default
DA:1,1
DA:3,1
DA:4,0
DA:5,0
DA:6,0
DA:8,0
LF:6
LH:2
BRDA:5,0,0,0
BRDA:5,0,1,0
BRF:2
BRH:0
end_of_record
TN:
SF:src/routes/root/index.ts
FN:7,_default
FNF:1
FNH:1
FNDA:1,_default
DA:4,1
DA:5,1
DA:7,1
DA:8,1
DA:9,1
DA:10,1
DA:11,1
LF:7
LH:7
BRF:0
BRH:0
end_of_record
TN:
SF:src/routes/users/_post/index.ts
FN:8,_callee
FN:141,mapObjectToQuery
FNF:2
FNH:0
FNDA:0,_callee
FNDA:0,mapObjectToQuery
DA:1,1
DA:4,1
DA:5,1
DA:8,0
DA:14,0
DA:16,0
DA:20,0
DA:25,0
DA:30,0
DA:36,0
DA:38,0
DA:44,0
DA:49,0
DA:63,0
DA:68,0
DA:70,0
DA:74,0
DA:78,0
DA:79,0
DA:81,0
DA:82,0
DA:95,0
DA:96,0
DA:97,0
DA:104,0
DA:114,0
DA:119,0
DA:125,0
DA:131,0
DA:134,0
DA:141,1
DA:150,0
DA:162,0
DA:163,0
DA:164,0
DA:167,0
LF:36
LH:4
BRDA:8,0,0,0
BRDA:8,0,1,0
BRDA:8,0,2,0
BRDA:8,0,3,0
BRDA:8,0,4,0
BRDA:8,0,5,0
BRDA:8,0,6,0
BRDA:8,0,7,0
BRDA:8,0,8,0
BRDA:8,0,9,0
BRDA:8,0,10,0
BRDA:16,1,0,0
BRDA:16,1,1,0
BRDA:20,2,0,0
BRDA:20,2,1,0
BRDA:53,3,0,0
BRDA:53,3,1,0
BRDA:54,4,0,0
BRDA:54,4,1,0
BRDA:55,5,0,0
BRDA:55,5,1,0
BRDA:56,6,0,0
BRDA:56,6,1,0
BRDA:57,7,0,0
BRDA:57,7,1,0
BRDA:75,8,0,0
BRDA:75,8,1,0
BRDA:96,9,0,0
BRDA:8,10,0,0
BRDA:111,11,0,0
BRDA:111,11,1,0
BRDA:134,12,0,0
BRDA:134,12,1,0
BRDA:151,13,0,0
BRDA:151,13,1,0
BRDA:152,14,0,0
BRDA:152,14,1,0
BRDA:153,15,0,0
BRDA:153,15,1,0
BRDA:154,16,0,0
BRDA:154,16,1,0
BRDA:155,17,0,0
BRDA:155,17,1,0
BRDA:156,18,0,0
BRDA:156,18,1,0
BRDA:159,19,0,0
BRDA:159,19,1,0
BRDA:162,20,0,0
BRF:48
BRH:0
end_of_record
TN:
SF:src/routes/users/me/_delete/index.ts
FN:5,_callee
FNF:1
FNH:0
FNDA:0,_callee
DA:1,1
DA:5,0
DA:11,0
DA:16,0
DA:42,0
DA:47,0
DA:51,0
DA:55,0
DA:59,0
DA:63,0
DA:66,0
LF:11
LH:1
BRDA:5,0,0,0
BRDA:5,0,1,0
BRDA:5,0,2,0
BRDA:5,0,3,0
BRDA:5,0,4,0
BRDA:5,0,5,0
BRDA:5,0,6,0
BRDA:5,0,7,0
BRDA:5,0,8,0
BRDA:5,0,9,0
BRDA:5,0,10,0
BRDA:66,1,0,0
BRDA:66,1,1,0
BRF:13
BRH:0
end_of_record
TN:
SF:src/routes/users/me/_get/getAdditionalData.ts
FN:3,_callee
FN:40,(anonymous_6)
FN:43,(anonymous_7)
FN:50,(anonymous_8)
FN:51,(anonymous_9)
FN:64,(anonymous_10)
FN:65,(anonymous_11)
FN:83,(anonymous_12)
FNF:8
FNH:0
FNDA:0,_callee
FNDA:0,(anonymous_6)
FNDA:0,(anonymous_7)
FNDA:0,(anonymous_8)
FNDA:0,(anonymous_9)
FNDA:0,(anonymous_10)
FNDA:0,(anonymous_11)
FNDA:0,(anonymous_12)
DA:1,1
DA:3,0
DA:4,0
DA:11,0
DA:12,0
DA:13,0
DA:14,0
DA:27,0
DA:29,0
DA:39,0
DA:40,0
DA:43,0
DA:44,0
DA:45,0
DA:48,0
DA:49,0
DA:50,0
DA:51,0
DA:55,0
DA:61,0
DA:64,0
DA:65,0
DA:66,0
DA:67,0
DA:68,0
DA:69,0
DA:70,0
DA:73,0
DA:75,0
DA:76,0
DA:78,0
DA:81,0
DA:83,0
DA:84,0
DA:85,0
LF:35
LH:1
BRDA:3,0,0,0
BRDA:3,0,1,0
BRDA:3,0,2,0
BRDA:3,0,3,0
BRDA:3,0,4,0
BRDA:3,0,5,0
BRDA:3,0,6,0
BRDA:3,0,7,0
BRDA:3,0,8,0
BRDA:3,0,9,0
BRDA:3,0,10,0
BRDA:3,0,11,0
BRDA:3,1,0,0
BRDA:3,1,1,0
BRDA:3,2,0,0
BRDA:3,2,1,0
BRDA:12,3,0,0
BRDA:3,4,0,0
BRDA:66,5,0,0
BRDA:69,6,0,0
BRDA:75,7,0,0
BRDA:75,8,0,0
BRDA:75,8,1,0
BRF:23
BRH:0
end_of_record
TN:
SF:src/routes/users/me/_get/getApprovedBugsData.ts
FN:3,_callee
FN:10,(anonymous_6)
FN:14,(anonymous_7)
FNF:3
FNH:0
FNDA:0,_callee
FNDA:0,(anonymous_6)
FNDA:0,(anonymous_7)
DA:1,1
DA:3,0
DA:4,0
DA:11,0
DA:12,0
DA:15,0
DA:16,0
DA:18,0
LF:8
LH:1
BRDA:3,0,0,0
BRDA:3,0,1,0
BRDA:3,0,2,0
BRDA:11,1,0,0
BRDA:15,2,0,0
BRDA:15,3,0,0
BRDA:15,3,1,0
BRF:7
BRH:0
end_of_record
TN:
SF:src/routes/users/me/_get/getAttendedCpData.ts
FN:3,_callee
FN:12,(anonymous_6)
FN:16,(anonymous_7)
FNF:3
FNH:0
FNDA:0,_callee
FNDA:0,(anonymous_6)
FNDA:0,(anonymous_7)
DA:1,1
DA:3,0
DA:4,0
DA:13,0
DA:14,0
DA:16,0
LF:6
LH:1
BRDA:3,0,0,0
BRDA:3,0,1,0
BRDA:3,0,2,0
BRDA:13,1,0,0
BRF:4
BRH:0
end_of_record
TN:
SF:src/routes/users/me/_get/getCertificationsData.ts
FN:3,_callee
FN:18,(anonymous_11)
FN:23,(anonymous_12)
FN:26,(anonymous_13)
FNF:4
FNH:0
FNDA:0,_callee
FNDA:0,(anonymous_11)
FNDA:0,(anonymous_12)
FNDA:0,(anonymous_13)
DA:1,1
DA:3,0
DA:4,0
DA:11,0
DA:13,0
DA:19,0
DA:20,0
DA:21,0
DA:23,0
DA:27,0
DA:31,0
DA:35,0
LF:12
LH:1
BRDA:3,0,0,0
BRDA:3,0,1,0
BRDA:3,0,2,0
BRDA:3,0,3,0
BRDA:3,0,4,0
BRDA:3,0,5,0
BRDA:3,1,0,0
BRDA:19,2,0,0
BRDA:35,3,0,0
BRDA:35,4,0,0
BRDA:35,4,1,0
BRF:11
BRH:0
end_of_record
TN:
SF:src/routes/users/me/_get/getEducationData.ts
FN:3,_callee
FN:12,(anonymous_6)
FN:16,(anonymous_7)
FNF:3
FNH:0
FNDA:0,_callee
FNDA:0,(anonymous_6)
FNDA:0,(anonymous_7)
DA:1,1
DA:3,0
DA:4,0
DA:13,0
DA:14,0
DA:16,0
LF:6
LH:1
BRDA:3,0,0,0
BRDA:3,0,1,0
BRDA:3,0,2,0
BRDA:13,1,0,0
BRF:4
BRH:0
end_of_record
TN:
SF:src/routes/users/me/_get/getLanguagesData.ts
FN:3,_callee
FN:15,(anonymous_6)
FN:18,(anonymous_7)
FN:24,(anonymous_8)
FNF:4
FNH:0
FNDA:0,_callee
FNDA:0,(anonymous_6)
FNDA:0,(anonymous_7)
FNDA:0,(anonymous_8)
DA:1,1
DA:3,0
DA:4,0
DA:16,0
DA:17,0
DA:18,0
DA:24,0
LF:7
LH:1
BRDA:3,0,0,0
BRDA:3,0,1,0
BRDA:3,0,2,0
BRDA:16,1,0,0
BRF:4
BRH:0
end_of_record
TN:
SF:src/routes/users/me/_get/getProfessionData.ts
FN:3,_callee
FNF:1
FNH:0
FNDA:0,_callee
DA:1,1
DA:3,0
DA:4,0
DA:11,0
LF:4
LH:1
BRDA:3,0,0,0
BRDA:3,0,1,0
BRDA:3,0,2,0
BRDA:3,0,3,0
BRDA:3,0,4,0
BRDA:3,0,5,0
BRDA:3,1,0,0
BRF:7
BRH:0
end_of_record
TN:
SF:src/routes/users/me/_get/getProfileData.ts
FN:4,_callee
FNF:1
FNH:0
FNDA:0,_callee
DA:1,1
DA:2,1
DA:4,0
DA:5,0
DA:6,0
DA:7,0
DA:8,0
DA:9,0
DA:10,0
DA:11,0
DA:12,0
DA:13,0
DA:14,0
DA:15,0
DA:16,0
DA:17,0
DA:18,0
DA:19,0
DA:20,0
DA:21,0
DA:22,0
DA:23,0
DA:24,0
DA:25,0
DA:29,0
DA:39,0
DA:40,0
DA:41,0
DA:42,0
DA:46,0
DA:50,0
DA:56,0
DA:57,0
DA:58,0
DA:59,0
DA:63,0
DA:65,0
DA:69,0
DA:72,0
DA:73,0
DA:74,0
DA:75,0
DA:77,0
DA:78,0
DA:86,0
DA:87,0
LF:46
LH:2
BRDA:4,0,0,0
BRDA:4,0,1,0
BRDA:4,0,2,0
BRDA:4,0,3,0
BRDA:4,0,4,0
BRDA:4,0,5,0
BRDA:6,1,0,0
BRDA:6,2,0,0
BRDA:6,2,1,0
BRDA:8,3,0,0
BRDA:8,4,0,0
BRDA:8,4,1,0
BRDA:10,5,0,0
BRDA:10,6,0,0
BRDA:10,6,1,0
BRDA:12,7,0,0
BRDA:13,8,0,0
BRDA:14,9,0,0
BRDA:15,10,0,0
BRDA:16,11,0,0
BRDA:17,12,0,0
BRDA:18,13,0,0
BRDA:20,14,0,0
BRDA:21,15,0,0
BRDA:22,16,0,0
BRDA:23,17,0,0
BRDA:24,18,0,0
BRDA:4,19,0,0
BRDA:39,20,0,0
BRDA:41,21,0,0
BRDA:41,22,0,0
BRDA:41,22,1,0
BRDA:41,22,2,0
BRDA:56,23,0,0
BRDA:57,24,0,0
BRDA:58,25,0,0
BRDA:59,26,0,0
BRDA:60,27,0,0
BRDA:60,27,1,0
BRDA:65,28,0,0
BRDA:66,29,0,0
BRDA:66,29,1,0
BRDA:72,30,0,0
BRDA:72,31,0,0
BRDA:72,31,1,0
BRDA:77,32,0,0
BRDA:79,33,0,0
BRDA:79,33,1,0
BRDA:81,34,0,0
BRDA:81,34,1,0
BRDA:86,35,0,0
BRDA:86,36,0,0
BRDA:86,36,1,0
BRF:53
BRH:0
end_of_record
TN:
SF:src/routes/users/me/_get/getRankData.ts
FN:3,_callee
FNF:1
FNH:0
FNDA:0,_callee
DA:1,1
DA:3,0
DA:4,0
DA:11,0
DA:15,0
DA:16,0
LF:6
LH:1
BRDA:3,0,0,0
BRDA:3,0,1,0
BRDA:3,0,2,0
BRDA:3,0,3,0
BRDA:3,0,4,0
BRDA:3,0,5,0
BRDA:3,1,0,0
BRDA:13,2,0,0
BRDA:13,2,1,0
BRDA:15,3,0,0
BRDA:15,4,0,0
BRDA:15,4,1,0
BRF:12
BRH:0
end_of_record
TN:
SF:src/routes/users/me/_get/getUserData.ts
FN:43,_callee
FN:56,(anonymous_8)
FN:117,(anonymous_9)
FNF:3
FNH:0
FNDA:0,_callee
FNDA:0,(anonymous_8)
FNDA:0,(anonymous_9)
DA:1,1
DA:2,1
DA:3,1
DA:4,1
DA:5,1
DA:6,1
DA:7,1
DA:8,1
DA:9,1
DA:11,1
DA:19,1
DA:43,0
DA:49,0
DA:50,0
DA:51,0
DA:52,0
DA:53,0
DA:56,0
DA:58,0
DA:62,0
DA:67,0
DA:73,0
DA:79,0
DA:85,0
DA:91,0
DA:97,0
DA:103,0
DA:109,0
DA:111,0
DA:117,0
DA:118,0
DA:119,0
DA:122,0
DA:123,0
DA:131,0
DA:132,0
LF:36
LH:11
BRDA:43,0,0,0
BRDA:43,0,1,0
BRDA:43,0,2,0
BRDA:43,0,3,0
BRDA:43,0,4,0
BRDA:43,0,5,0
BRDA:43,0,6,0
BRDA:43,0,7,0
BRDA:43,0,8,0
BRDA:43,0,9,0
BRDA:43,0,10,0
BRDA:43,0,11,0
BRDA:43,0,12,0
BRDA:43,0,13,0
BRDA:43,0,14,0
BRDA:43,0,15,0
BRDA:43,0,16,0
BRDA:43,0,17,0
BRDA:43,0,18,0
BRDA:43,0,19,0
BRDA:43,0,20,0
BRDA:43,0,21,0
BRDA:43,0,22,0
BRDA:43,0,23,0
BRDA:43,0,24,0
BRDA:43,0,25,0
BRDA:43,0,26,0
BRDA:43,0,27,0
BRDA:43,0,28,0
BRDA:43,0,29,0
BRDA:43,0,30,0
BRDA:43,0,31,0
BRDA:50,1,0,0
BRDA:51,2,0,0
BRDA:43,3,0,0
BRDA:118,4,0,0
BRDA:122,5,0,0
BRDA:131,6,0,0
BRDA:131,7,0,0
BRDA:131,7,1,0
BRF:40
BRH:0
end_of_record
TN:
SF:src/routes/users/me/_get/index.ts
FN:5,_callee
FNF:1
FNH:0
FNDA:0,_callee
DA:3,1
DA:5,0
DA:10,0
DA:12,0
DA:14,0
DA:15,0
DA:16,0
DA:19,0
DA:20,0
DA:22,0
LF:10
LH:1
BRDA:5,0,0,0
BRDA:5,0,1,0
BRDA:5,0,2,0
BRDA:5,0,3,0
BRDA:5,0,4,0
BRDA:12,1,0,0
BRDA:12,1,1,0
BRDA:16,2,0,0
BRDA:16,2,1,0
BRDA:19,3,0,0
BRDA:19,4,0,0
BRDA:19,4,1,0
BRF:12
BRH:0
end_of_record
TN:
SF:src/routes/users/me/_patch/index.ts
FN:24,_callee
FN:31,(anonymous_6)
FN:32,(anonymous_7)
FNF:3
FNH:0
FNDA:0,_callee
FNDA:0,(anonymous_6)
FNDA:0,(anonymous_7)
DA:1,1
DA:3,1
DA:5,1
DA:6,1
DA:9,1
DA:24,0
DA:30,0
DA:31,0
DA:33,0
DA:34,0
DA:37,0
DA:38,0
DA:39,0
DA:40,0
DA:44,0
DA:58,0
DA:59,0
DA:60,0
DA:61,0
DA:62,0
DA:64,0
DA:65,0
DA:66,0
DA:68,0
DA:69,0
DA:70,0
DA:72,0
DA:73,0
DA:74,0
DA:76,0
DA:77,0
DA:78,0
DA:82,0
DA:83,0
DA:84,0
DA:85,0
DA:87,0
DA:88,0
DA:89,0
DA:91,0
DA:92,0
DA:93,0
DA:95,0
DA:96,0
DA:97,0
DA:99,0
DA:100,0
DA:101,0
DA:103,0
DA:104,0
DA:105,0
DA:112,0
DA:119,0
DA:132,0
DA:134,0
DA:135,0
DA:140,0
DA:143,0
DA:147,0
DA:154,0
DA:157,0
DA:161,0
DA:169,0
DA:172,0
LF:64
LH:5
BRDA:24,0,0,0
BRDA:24,0,1,0
BRDA:24,0,2,0
BRDA:24,0,3,0
BRDA:24,0,4,0
BRDA:24,0,5,0
BRDA:24,0,6,0
BRDA:24,0,7,0
BRDA:24,0,8,0
BRDA:24,0,9,0
BRDA:24,0,10,0
BRDA:24,0,11,0
BRDA:24,0,12,0
BRDA:24,0,13,0
BRDA:24,0,14,0
BRDA:24,0,15,0
BRDA:24,0,16,0
BRDA:24,0,17,0
BRDA:24,0,18,0
BRDA:24,0,19,0
BRDA:24,0,20,0
BRDA:24,0,21,0
BRDA:24,0,22,0
BRDA:24,1,0,0
BRDA:64,2,0,0
BRDA:68,3,0,0
BRDA:72,4,0,0
BRDA:76,5,0,0
BRDA:79,6,0,0
BRDA:79,6,1,0
BRDA:79,7,0,0
BRDA:79,7,1,0
BRDA:82,8,0,0
BRDA:87,9,0,0
BRDA:91,10,0,0
BRDA:95,11,0,0
BRDA:99,12,0,0
BRDA:103,13,0,0
BRDA:164,14,0,0
BRDA:164,14,1,0
BRDA:165,15,0,0
BRDA:165,15,1,0
BRDA:172,16,0,0
BRDA:172,16,1,0
BRF:44
BRH:0
end_of_record
TN:
SF:src/routes/users/me/additional/fieldId/_put/index.ts
FN:7,_callee
FN:95,(anonymous_17)
FN:95,_callee2
FN:95,addCustomUserTextField
FN:114,(anonymous_21)
FN:114,_callee3
FN:114,addCustomUserField
FN:149,(anonymous_25)
FN:149,_callee4
FN:162,(anonymous_28)
FN:149,deleteCustomUserField
FNF:11
FNH:3
FNDA:0,_callee
FNDA:1,(anonymous_17)
FNDA:0,_callee2
FNDA:0,addCustomUserTextField
FNDA:1,(anonymous_21)
FNDA:0,_callee3
FNDA:0,addCustomUserField
FNDA:1,(anonymous_25)
FNDA:0,_callee4
FNDA:0,(anonymous_28)
FNDA:0,deleteCustomUserField
DA:1,1
DA:4,1
DA:7,0
DA:14,0
DA:20,0
DA:30,0
DA:37,0
DA:45,0
DA:64,0
DA:65,0
DA:69,0
DA:85,0
DA:86,0
DA:95,3
DA:100,0
DA:103,0
DA:106,0
DA:109,0
DA:114,3
DA:123,0
DA:127,0
DA:131,0
DA:135,0
DA:138,0
DA:141,0
DA:144,0
DA:149,3
DA:152,0
DA:154,0
DA:156,0
DA:165,0
LF:31
LH:5
BRDA:7,0,0,0
BRDA:7,0,1,0
BRDA:7,0,2,0
BRDA:7,0,3,0
BRDA:7,0,4,0
BRDA:7,0,5,0
BRDA:7,0,6,0
BRDA:7,0,7,0
BRDA:7,0,8,0
BRDA:7,0,9,0
BRDA:7,0,10,0
BRDA:7,0,11,0
BRDA:7,0,12,0
BRDA:7,0,13,0
BRDA:7,0,14,0
BRDA:7,0,15,0
BRDA:7,0,16,0
BRDA:7,0,17,0
BRDA:7,0,18,0
BRDA:7,0,19,0
BRDA:7,0,20,0
BRDA:7,0,21,0
BRDA:7,0,22,0
BRDA:7,0,23,0
BRDA:7,0,24,0
BRDA:7,0,25,0
BRDA:7,0,26,0
BRDA:7,0,27,0
BRDA:7,0,28,0
BRDA:7,0,29,0
BRDA:7,0,30,0
BRDA:7,0,31,0
BRDA:15,1,0,0
BRDA:15,1,1,0
BRDA:7,2,0,0
BRDA:30,3,0,0
BRDA:30,4,0,0
BRDA:30,4,1,0
BRDA:37,5,0,0
BRDA:37,6,0,0
BRDA:37,6,1,0
BRDA:85,7,0,0
BRDA:85,8,0,0
BRDA:85,8,1,0
BRDA:95,9,0,0
BRDA:95,9,1,0
BRDA:95,9,2,0
BRDA:95,9,3,0
BRDA:95,9,4,0
BRDA:109,10,0,0
BRDA:109,11,0,0
BRDA:109,11,1,0
BRDA:114,12,0,0
BRDA:114,12,1,0
BRDA:114,12,2,0
BRDA:114,12,3,0
BRDA:114,12,4,0
BRDA:114,12,5,0
BRDA:114,12,6,0
BRDA:114,12,7,0
BRDA:114,12,8,0
BRDA:114,12,9,0
BRDA:114,12,10,0
BRDA:114,13,0,0
BRDA:120,14,0,0
BRDA:120,14,1,0
BRDA:131,15,0,0
BRDA:131,16,0,0
BRDA:131,16,1,0
BRDA:138,17,0,0
BRDA:138,17,1,0
BRDA:144,18,0,0
BRDA:144,19,0,0
BRDA:144,19,1,0
BRDA:149,20,0,0
BRDA:149,20,1,0
BRDA:149,20,2,0
BRDA:149,20,3,0
BRDA:149,20,4,0
BRDA:149,20,5,0
BRDA:149,20,6,0
BRDA:149,21,0,0
BRDA:149,21,1,0
BRDA:149,22,0,0
BRDA:149,22,1,0
BRDA:149,23,0,0
BRDA:161,24,0,0
BRDA:161,24,1,0
BRDA:165,25,0,0
BRDA:165,26,0,0
BRDA:165,26,1,0
BRF:91
BRH:0
end_of_record
TN:
SF:src/routes/users/me/bugs/_get/index.ts
FN:5,_callee2
FN:34,_loop
FN:38,(anonymous_9)
FN:118,mapQueryToObject
FNF:4
FNH:0
FNDA:0,_callee2
FNDA:0,_loop
FNDA:0,(anonymous_9)
FNDA:0,mapQueryToObject
DA:1,1
DA:5,0
DA:11,0
DA:12,0
DA:17,0
DA:24,0
DA:25,0
DA:26,0
DA:34,0
DA:35,0
DA:36,0
DA:37,0
DA:38,0
DA:39,0
DA:40,0
DA:42,0
DA:43,0
DA:48,0
DA:49,0
DA:50,0
DA:51,0
DA:52,0
DA:53,0
DA:54,0
DA:55,0
DA:58,0
DA:59,0
DA:60,0
DA:61,0
DA:62,0
DA:63,0
DA:64,0
DA:68,0
DA:69,0
DA:70,0
DA:72,0
DA:77,0
DA:78,0
DA:79,0
DA:80,0
DA:83,0
DA:95,0
DA:96,0
DA:97,0
DA:99,0
DA:103,0
DA:105,0
DA:108,0
DA:109,0
DA:118,1
DA:128,0
LF:51
LH:2
BRDA:5,0,0,0
BRDA:5,0,1,0
BRDA:5,0,2,0
BRDA:5,0,3,0
BRDA:5,0,4,0
BRDA:5,0,5,0
BRDA:5,1,0,0
BRDA:5,1,1,0
BRDA:5,1,2,0
BRDA:5,1,3,0
BRDA:5,1,4,0
BRDA:5,1,5,0
BRDA:5,1,6,0
BRDA:5,1,7,0
BRDA:34,2,0,0
BRDA:36,3,0,0
BRDA:48,4,0,0
BRDA:50,5,0,0
BRDA:51,6,0,0
BRDA:52,7,0,0
BRDA:53,8,0,0
BRDA:54,9,0,0
BRDA:54,9,1,0
BRDA:59,10,0,0
BRDA:59,11,0,0
BRDA:59,11,1,0
BRDA:62,12,0,0
BRDA:62,13,0,0
BRDA:62,13,1,0
BRDA:5,14,0,0
BRDA:79,15,0,0
BRDA:79,16,0,0
BRDA:79,16,1,0
BRDA:94,17,0,0
BRDA:94,17,1,0
BRDA:108,18,0,0
BRDA:108,19,0,0
BRDA:108,19,1,0
BRF:38
BRH:0
end_of_record
TN:
SF:src/routes/users/me/campaigns/_get/index.ts
FN:7,_callee
FN:102,(anonymous_11)
FN:110,(anonymous_12)
FN:180,mapQueryToObject
FN:183,(anonymous_15)
FN:187,(anonymous_16)
FNF:6
FNH:0
FNDA:0,_callee
FNDA:0,(anonymous_11)
FNDA:0,(anonymous_12)
FNDA:0,mapQueryToObject
FNDA:0,(anonymous_15)
FNDA:0,(anonymous_16)
DA:1,1
DA:4,1
DA:7,0
DA:13,0
DA:31,0
DA:37,0
DA:38,0
DA:39,0
DA:42,0
DA:44,0
DA:50,0
DA:60,0
DA:61,0
DA:64,0
DA:65,0
DA:69,0
DA:70,0
DA:75,0
DA:76,0
DA:77,0
DA:80,0
DA:81,0
DA:82,0
DA:83,0
DA:86,0
DA:90,0
DA:92,0
DA:101,0
DA:102,0
DA:108,0
DA:110,0
DA:111,0
DA:121,0
DA:122,0
DA:123,0
DA:128,0
DA:133,0
DA:138,0
DA:140,0
DA:143,0
DA:145,0
DA:147,0
DA:153,0
DA:156,0
DA:157,0
DA:158,0
DA:160,0
DA:167,0
DA:170,0
DA:171,0
DA:180,1
DA:182,0
DA:184,0
DA:186,0
DA:187,0
DA:188,0
DA:190,0
DA:191,0
DA:192,0
DA:197,0
LF:60
LH:3
BRDA:7,0,0,0
BRDA:7,0,1,0
BRDA:7,0,2,0
BRDA:7,0,3,0
BRDA:7,0,4,0
BRDA:7,0,5,0
BRDA:7,0,6,0
BRDA:7,0,7,0
BRDA:38,1,0,0
BRDA:38,2,0,0
BRDA:38,2,1,0
BRDA:42,3,0,0
BRDA:42,3,1,0
BRDA:42,4,0,0
BRDA:42,4,1,0
BRDA:42,5,0,0
BRDA:42,5,1,0
BRDA:60,6,0,0
BRDA:60,6,1,0
BRDA:60,7,0,0
BRDA:60,7,1,0
BRDA:60,8,0,0
BRDA:60,8,1,0
BRDA:64,9,0,0
BRDA:64,10,0,0
BRDA:64,10,1,0
BRDA:64,11,0,0
BRDA:64,11,1,0
BRDA:69,12,0,0
BRDA:69,13,0,0
BRDA:69,13,1,0
BRDA:69,13,2,0
BRDA:76,14,0,0
BRDA:76,15,0,0
BRDA:76,15,1,0
BRDA:82,16,0,0
BRDA:82,17,0,0
BRDA:82,17,1,0
BRDA:83,18,0,0
BRDA:83,18,1,0
BRDA:7,19,0,0
BRDA:113,20,0,0
BRDA:113,20,1,0
BRDA:116,21,0,0
BRDA:116,21,1,0
BRDA:121,22,0,0
BRDA:121,22,1,0
BRDA:121,23,0,0
BRDA:121,23,1,0
BRDA:121,24,0,0
BRDA:121,24,1,0
BRDA:121,25,0,0
BRDA:121,25,1,0
BRDA:122,26,0,0
BRDA:123,27,0,0
BRDA:124,28,0,0
BRDA:124,28,1,0
BRDA:124,28,2,0
BRDA:128,29,0,0
BRDA:129,30,0,0
BRDA:129,30,1,0
BRDA:129,30,2,0
BRDA:145,31,0,0
BRDA:145,31,1,0
BRDA:156,32,0,0
BRDA:156,32,1,0
BRDA:157,33,0,0
BRDA:157,33,1,0
BRDA:170,34,0,0
BRDA:170,35,0,0
BRDA:170,35,1,0
BRDA:182,36,0,0
BRDA:182,36,1,0
BRDA:191,37,0,0
BRDA:191,38,0,0
BRDA:191,38,1,0
BRDA:201,39,0,0
BRDA:201,39,1,0
BRDA:207,40,0,0
BRDA:207,40,1,0
BRDA:209,41,0,0
BRDA:209,41,1,0
BRDA:210,42,0,0
BRDA:210,42,1,0
BRF:84
BRH:0
end_of_record
TN:
SF:src/routes/users/me/certifications/_post/index.ts
FN:7,_callee
FNF:1
FNH:0
FNDA:0,_callee
DA:1,1
DA:4,1
DA:7,0
DA:16,0
DA:19,0
DA:23,0
DA:38,0
DA:41,0
DA:49,0
DA:55,0
DA:60,0
DA:64,0
DA:66,0
DA:80,0
DA:90,0
DA:92,0
DA:97,0
DA:106,0
LF:18
LH:2
BRDA:7,0,0,0
BRDA:7,0,1,0
BRDA:7,0,2,0
BRDA:7,0,3,0
BRDA:7,0,4,0
BRDA:7,0,5,0
BRDA:7,0,6,0
BRDA:7,0,7,0
BRDA:7,0,8,0
BRDA:7,0,9,0
BRDA:7,0,10,0
BRDA:7,0,11,0
BRDA:7,0,12,0
BRDA:7,0,13,0
BRDA:7,0,14,0
BRDA:7,0,15,0
BRDA:7,0,16,0
BRDA:7,0,17,0
BRDA:7,0,18,0
BRDA:7,0,19,0
BRDA:7,0,20,0
BRDA:7,0,21,0
BRDA:7,0,22,0
BRDA:7,0,23,0
BRDA:7,0,24,0
BRDA:7,0,25,0
BRDA:7,1,0,0
BRDA:14,2,0,0
BRDA:14,2,1,0
BRDA:23,3,0,0
BRDA:23,4,0,0
BRDA:23,4,1,0
BRDA:66,5,0,0
BRDA:66,6,0,0
BRDA:66,6,1,0
BRDA:68,7,0,0
BRDA:68,7,1,0
BRDA:92,8,0,0
BRDA:92,9,0,0
BRDA:92,9,1,0
BRDA:106,10,0,0
BRDA:106,10,1,0
BRF:42
BRH:0
end_of_record
TN:
SF:src/routes/users/me/certifications/_post/updateEmptyCerts.ts
FN:3,_callee
FNF:1
FNH:0
FNDA:0,_callee
DA:1,1
DA:3,0
DA:4,0
DA:9,0
DA:11,0
DA:17,0
DA:20,0
DA:26,0
DA:30,0
LF:9
LH:1
BRDA:3,0,0,0
BRDA:3,0,1,0
BRDA:3,0,2,0
BRDA:3,0,3,0
BRDA:3,0,4,0
BRDA:3,0,5,0
BRDA:3,0,6,0
BRDA:3,0,7,0
BRDA:3,0,8,0
BRDA:3,0,9,0
BRDA:11,1,0,0
BRDA:11,2,0,0
BRDA:11,2,1,0
BRDA:3,3,0,0
BRDA:20,4,0,0
BRDA:20,5,0,0
BRDA:20,5,1,0
BRDA:30,6,0,0
BRDA:30,7,0,0
BRDA:30,7,1,0
BRF:20
BRH:0
end_of_record
TN:
SF:src/routes/users/me/certifications/certificationId/_delete/index.ts
FN:5,_callee
FNF:1
FNH:0
FNDA:0,_callee
DA:1,1
DA:5,0
DA:11,0
DA:14,0
DA:15,0
DA:25,0
DA:28,0
DA:31,0
DA:34,0
DA:38,0
DA:39,0
LF:11
LH:1
BRDA:5,0,0,0
BRDA:5,0,1,0
BRDA:5,0,2,0
BRDA:5,0,3,0
BRDA:5,0,4,0
BRDA:5,0,5,0
BRDA:5,0,6,0
BRDA:5,0,7,0
BRDA:5,0,8,0
BRDA:11,1,0,0
BRDA:11,1,1,0
BRDA:5,2,0,0
BRDA:34,3,0,0
BRDA:34,4,0,0
BRDA:34,4,1,0
BRDA:38,5,0,0
BRDA:38,6,0,0
BRDA:38,6,1,0
BRDA:39,7,0,0
BRDA:39,7,1,0
BRF:20
BRH:0
end_of_record
TN:
SF:src/routes/users/me/devices/_get/index.ts
FN:5,_callee
FN:49,(anonymous_6)
FN:53,(anonymous_7)
FNF:3
FNH:0
FNDA:0,_callee
FNDA:0,(anonymous_6)
FNDA:0,(anonymous_7)
DA:1,1
DA:5,0
DA:11,0
DA:26,0
DA:28,0
DA:30,0
DA:37,0
DA:38,0
DA:49,0
DA:52,0
DA:54,0
DA:73,0
LF:12
LH:1
BRDA:5,0,0,0
BRDA:5,0,1,0
BRDA:5,0,2,0
BRDA:5,0,3,0
BRDA:5,0,4,0
BRDA:5,0,5,0
BRDA:49,1,0,0
BRDA:49,1,1,0
BRDA:5,2,0,0
BRDA:58,3,0,0
BRDA:58,3,1,0
BRDA:58,3,2,0
BRDA:59,4,0,0
BRDA:59,4,1,0
BRDA:59,4,2,0
BRDA:60,5,0,0
BRDA:60,5,1,0
BRDA:61,6,0,0
BRDA:61,6,1,0
BRF:19
BRH:0
end_of_record
TN:
SF:src/routes/users/me/devices/_post/index.ts
FN:13,_callee
FNF:1
FNH:0
FNDA:0,_callee
DA:1,1
DA:5,1
DA:13,0
DA:19,0
DA:20,0
DA:22,0
DA:28,0
DA:31,0
DA:33,0
DA:34,0
DA:39,0
DA:43,0
DA:45,0
DA:46,0
DA:47,0
DA:48,0
DA:49,0
DA:51,0
DA:52,0
DA:53,0
DA:56,0
DA:57,0
DA:58,0
DA:64,0
DA:65,0
DA:67,0
DA:68,0
DA:69,0
DA:70,0
DA:73,0
DA:75,0
DA:82,0
DA:83,0
DA:85,0
DA:86,0
DA:88,0
DA:91,0
DA:110,0
LF:38
LH:2
BRDA:13,0,0,0
BRDA:13,0,1,0
BRDA:13,0,2,0
BRDA:13,0,3,0
BRDA:13,0,4,0
BRDA:13,0,5,0
BRDA:13,0,6,0
BRDA:13,0,7,0
BRDA:13,0,8,0
BRDA:13,0,9,0
BRDA:13,0,10,0
BRDA:13,0,11,0
BRDA:13,0,12,0
BRDA:13,0,13,0
BRDA:13,0,14,0
BRDA:13,1,0,0
BRDA:52,2,0,0
BRDA:98,3,0,0
BRDA:98,3,1,0
BRF:19
BRH:0
end_of_record
TN:
SF:src/routes/users/me/devices/deviceId/_delete/index.ts
FN:5,_callee
FN:49,(anonymous_6)
FNF:2
FNH:0
FNDA:0,_callee
FNDA:0,(anonymous_6)
DA:1,1
DA:5,0
DA:10,0
DA:15,0
DA:20,0
DA:21,0
DA:23,0
DA:25,0
DA:27,0
DA:29,0
DA:34,0
DA:37,0
DA:38,0
DA:40,0
DA:49,0
DA:52,0
DA:57,0
DA:59,0
DA:62,0
LF:19
LH:1
BRDA:5,0,0,0
BRDA:5,0,1,0
BRDA:5,0,2,0
BRDA:5,0,3,0
BRDA:5,0,4,0
BRDA:5,0,5,0
BRDA:5,0,6,0
BRDA:5,0,7,0
BRDA:5,0,8,0
BRDA:11,1,0,0
BRDA:11,1,1,0
BRDA:5,2,0,0
BRDA:62,3,0,0
BRDA:62,3,1,0
BRF:14
BRH:0
end_of_record
TN:
SF:src/routes/users/me/devices/deviceId/_get/index.ts
FN:5,_callee
FNF:1
FNH:0
FNDA:0,_callee
DA:1,1
DA:5,0
DA:10,0
DA:15,0
DA:22,0
DA:23,0
DA:25,0
DA:26,0
DA:28,0
DA:30,0
DA:32,0
DA:50,0
LF:12
LH:1
BRDA:5,0,0,0
BRDA:5,0,1,0
BRDA:5,0,2,0
BRDA:5,0,3,0
BRDA:5,0,4,0
BRDA:5,0,5,0
BRDA:11,1,0,0
BRDA:11,1,1,0
BRDA:5,2,0,0
BRDA:37,3,0,0
BRDA:37,3,1,0
BRDA:37,3,2,0
BRDA:38,4,0,0
BRDA:38,4,1,0
BRDA:38,4,2,0
BRDA:39,5,0,0
BRDA:39,5,1,0
BRF:17
BRH:0
end_of_record
TN:
SF:src/routes/users/me/devices/deviceId/_patch/index.ts
FN:5,_callee
FNF:1
FNH:0
FNDA:0,_callee
DA:1,1
DA:5,0
DA:11,0
DA:15,0
DA:20,0
DA:21,0
DA:22,0
DA:24,0
DA:26,0
DA:27,0
DA:29,0
DA:34,0
DA:39,0
DA:40,0
DA:42,0
DA:47,0
DA:48,0
DA:49,0
DA:51,0
DA:60,0
DA:68,0
DA:74,0
DA:75,0
DA:77,0
DA:78,0
DA:80,0
DA:81,0
DA:83,0
DA:84,0
DA:88,0
DA:99,0
DA:106,0
DA:109,0
LF:33
LH:1
BRDA:5,0,0,0
BRDA:5,0,1,0
BRDA:5,0,2,0
BRDA:5,0,3,0
BRDA:5,0,4,0
BRDA:5,0,5,0
BRDA:5,0,6,0
BRDA:5,0,7,0
BRDA:5,0,8,0
BRDA:5,0,9,0
BRDA:5,0,10,0
BRDA:5,0,11,0
BRDA:5,0,12,0
BRDA:5,0,13,0
BRDA:5,0,14,0
BRDA:5,0,15,0
BRDA:12,1,0,0
BRDA:12,1,1,0
BRDA:5,2,0,0
BRDA:74,3,0,0
BRDA:74,4,0,0
BRDA:74,4,1,0
BRDA:77,5,0,0
BRDA:77,6,0,0
BRDA:77,6,1,0
BRDA:80,7,0,0
BRDA:83,8,0,0
BRDA:109,9,0,0
BRDA:109,9,1,0
BRF:29
BRH:0
end_of_record
TN:
SF:src/routes/users/me/experience/_get/index.ts
FN:5,_callee2
FN:32,_loop
FN:36,(anonymous_19)
FN:58,(anonymous_20)
FN:152,mapQueryToObject
FNF:5
FNH:0
FNDA:0,_callee2
FNDA:0,_loop
FNDA:0,(anonymous_19)
FNDA:0,(anonymous_20)
FNDA:0,mapQueryToObject
DA:1,1
DA:5,0
DA:11,0
DA:12,0
DA:16,0
DA:22,0
DA:23,0
DA:24,0
DA:32,0
DA:33,0
DA:34,0
DA:35,0
DA:36,0
DA:37,0
DA:38,0
DA:40,0
DA:41,0
DA:44,0
DA:45,0
DA:46,0
DA:50,0
DA:54,0
DA:55,0
DA:56,0
DA:57,0
DA:58,0
DA:59,0
DA:60,0
DA:62,0
DA:63,0
DA:68,0
DA:74,0
DA:75,0
DA:76,0
DA:78,0
DA:82,0
DA:83,0
DA:84,0
DA:85,0
DA:86,0
DA:87,0
DA:88,0
DA:92,0
DA:93,0
DA:94,0
DA:96,0
DA:101,0
DA:102,0
DA:103,0
DA:104,0
DA:107,0
DA:120,0
DA:121,0
DA:126,0
DA:129,0
DA:130,0
DA:131,0
DA:133,0
DA:137,0
DA:139,0
DA:142,0
DA:143,0
DA:152,1
DA:161,0
DA:164,0
DA:165,0
LF:66
LH:2
BRDA:5,0,0,0
BRDA:5,0,1,0
BRDA:5,0,2,0
BRDA:5,0,3,0
BRDA:5,0,4,0
BRDA:5,0,5,0
BRDA:5,1,0,0
BRDA:5,1,1,0
BRDA:5,1,2,0
BRDA:5,1,3,0
BRDA:5,1,4,0
BRDA:5,1,5,0
BRDA:5,1,6,0
BRDA:5,1,7,0
BRDA:5,1,8,0
BRDA:5,1,9,0
BRDA:32,2,0,0
BRDA:32,3,0,0
BRDA:32,3,1,0
BRDA:34,4,0,0
BRDA:44,5,0,0
BRDA:50,6,0,0
BRDA:51,7,0,0
BRDA:51,7,1,0
BRDA:51,7,2,0
BRDA:56,8,0,0
BRDA:56,9,0,0
BRDA:56,9,1,0
BRDA:68,10,0,0
BRDA:69,11,0,0
BRDA:69,11,1,0
BRDA:69,11,2,0
BRDA:69,11,3,0
BRDA:75,12,0,0
BRDA:75,12,1,0
BRDA:83,13,0,0
BRDA:83,14,0,0
BRDA:83,14,1,0
BRDA:86,15,0,0
BRDA:86,16,0,0
BRDA:86,16,1,0
BRDA:5,17,0,0
BRDA:103,18,0,0
BRDA:103,19,0,0
BRDA:103,19,1,0
BRDA:128,20,0,0
BRDA:128,20,1,0
BRDA:142,21,0,0
BRDA:142,22,0,0
BRDA:142,22,1,0
BRDA:164,23,0,0
BRF:51
BRH:0
end_of_record
TN:
SF:src/routes/users/me/fiscal/checkCodiceFiscale.ts
FN:3,_callee
FNF:1
FNH:0
FNDA:0,_callee
DA:1,1
DA:3,0
DA:6,0
DA:25,0
DA:26,0
DA:36,0
LF:6
LH:1
BRDA:3,0,0,0
BRDA:3,0,1,0
BRDA:3,0,2,0
BRDA:3,0,3,0
BRDA:3,0,4,0
BRDA:3,1,0,0
BRF:6
BRH:0
end_of_record
TN:
SF:src/routes/users/me/fiscal/geocodeByPlaceId.ts
FN:4,_callee
FN:23,(anonymous_4)
FN:29,(anonymous_5)
FN:36,(anonymous_6)
FNF:4
FNH:0
FNDA:0,_callee
FNDA:0,(anonymous_4)
FNDA:0,(anonymous_5)
FNDA:0,(anonymous_6)
DA:1,1
DA:2,1
DA:4,0
DA:5,0
DA:13,0
DA:15,0
DA:21,0
DA:23,0
DA:27,0
DA:29,0
DA:33,0
DA:34,0
DA:35,0
DA:36,0
DA:39,0
DA:40,0
LF:16
LH:2
BRDA:4,0,0,0
BRDA:4,0,1,0
BRDA:4,0,2,0
BRDA:4,0,3,0
BRDA:4,0,4,0
BRDA:27,1,0,0
BRDA:27,1,1,0
BRDA:33,2,0,0
BRDA:33,2,1,0
BRDA:35,3,0,0
BRDA:39,4,0,0
BRF:11
BRH:0
end_of_record
TN:
SF:src/routes/users/me/fiscal/getActiveProfile.ts
FN:3,_callee
FNF:1
FNH:0
FNDA:0,_callee
DA:1,1
DA:3,0
DA:5,0
DA:9,0
LF:4
LH:1
BRDA:3,0,0,0
BRDA:3,0,1,0
BRDA:3,0,2,0
BRDA:3,0,3,0
BRDA:3,0,4,0
BRDA:3,0,5,0
BRDA:3,1,0,0
BRF:7
BRH:0
end_of_record
TN:
SF:src/routes/users/me/fiscal/getByUser.ts
FN:3,_callee
FNF:1
FNH:0
FNDA:0,_callee
DA:1,1
DA:3,0
DA:5,0
DA:6,0
DA:13,0
LF:5
LH:1
BRDA:3,0,0,0
BRDA:3,0,1,0
BRDA:3,0,2,0
BRDA:3,0,3,0
BRDA:3,0,4,0
BRDA:13,1,0,0
BRDA:13,1,1,0
BRDA:18,2,0,0
BRDA:18,2,1,0
BRDA:19,3,0,0
BRDA:19,3,1,0
BRDA:20,4,0,0
BRDA:20,4,1,0
BRDA:23,5,0,0
BRDA:23,5,1,0
BRDA:23,6,0,0
BRDA:23,6,1,0
BRDA:26,7,0,0
BRDA:26,7,1,0
BRDA:30,8,0,0
BRDA:30,8,1,0
BRDA:31,9,0,0
BRDA:31,9,1,0
BRDA:33,10,0,0
BRDA:33,10,1,0
BRDA:34,11,0,0
BRDA:34,11,1,0
BRDA:35,12,0,0
BRDA:35,12,1,0
BRF:29
BRH:0
end_of_record
TN:
SF:src/routes/users/me/fiscal/_get/index.ts
FN:5,_callee
FNF:1
FNH:0
FNDA:0,_callee
DA:3,1
DA:5,0
DA:11,0
DA:14,0
DA:15,0
DA:17,0
LF:6
LH:1
BRDA:5,0,0,0
BRDA:5,0,1,0
BRDA:5,0,2,0
BRDA:5,0,3,0
BRDA:5,0,4,0
BRDA:14,1,0,0
BRDA:14,2,0,0
BRDA:14,2,1,0
BRDA:17,3,0,0
BRDA:17,3,1,0
BRF:10
BRH:0
end_of_record
TN:
SF:src/routes/users/me/fiscal/_post/index.ts
FN:10,_callee
FN:92,(anonymous_6)
FNF:2
FNH:0
FNDA:0,_callee
FNDA:0,(anonymous_6)
DA:1,1
DA:4,1
DA:5,1
DA:6,1
DA:7,1
DA:10,0
DA:18,0
DA:25,0
DA:33,0
DA:34,0
DA:35,0
DA:37,0
DA:44,0
DA:48,0
DA:49,0
DA:50,0
DA:51,0
DA:53,0
DA:69,0
DA:89,0
DA:92,0
DA:97,0
DA:100,0
LF:23
LH:5
BRDA:10,0,0,0
BRDA:10,0,1,0
BRDA:10,0,2,0
BRDA:10,0,3,0
BRDA:10,0,4,0
BRDA:10,0,5,0
BRDA:10,0,6,0
BRDA:10,0,7,0
BRDA:10,0,8,0
BRDA:10,0,9,0
BRDA:10,0,10,0
BRDA:10,0,11,0
BRDA:10,0,12,0
BRDA:10,0,13,0
BRDA:34,1,0,0
BRDA:10,2,0,0
BRDA:48,3,0,0
BRDA:48,3,1,0
BRDA:48,4,0,0
BRDA:48,4,1,0
BRDA:49,5,0,0
BRDA:56,6,0,0
BRDA:56,6,1,0
BRDA:85,7,0,0
BRDA:85,7,1,0
BRDA:100,8,0,0
BRDA:100,8,1,0
BRF:27
BRH:0
end_of_record
TN:
SF:src/routes/users/me/fiscal/_put/index.ts
FN:10,_callee
FN:88,(anonymous_6)
FNF:2
FNH:0
FNDA:0,_callee
FNDA:0,(anonymous_6)
DA:1,1
DA:4,1
DA:5,1
DA:6,1
DA:7,1
DA:10,0
DA:16,0
DA:18,0
DA:26,0
DA:27,0
DA:28,0
DA:30,0
DA:37,0
DA:41,0
DA:42,0
DA:43,0
DA:44,0
DA:46,0
DA:61,0
DA:65,0
DA:85,0
DA:88,0
DA:93,0
DA:96,0
DA:97,0
DA:99,0
LF:26
LH:5
BRDA:10,0,0,0
BRDA:10,0,1,0
BRDA:10,0,2,0
BRDA:10,0,3,0
BRDA:10,0,4,0
BRDA:10,0,5,0
BRDA:10,0,6,0
BRDA:10,0,7,0
BRDA:10,0,8,0
BRDA:10,0,9,0
BRDA:10,0,10,0
BRDA:10,0,11,0
BRDA:10,0,12,0
BRDA:27,1,0,0
BRDA:10,2,0,0
BRDA:41,3,0,0
BRDA:41,3,1,0
BRDA:41,4,0,0
BRDA:41,4,1,0
BRDA:42,5,0,0
BRDA:49,6,0,0
BRDA:49,6,1,0
BRDA:81,7,0,0
BRDA:81,7,1,0
BRDA:96,8,0,0
BRDA:96,9,0,0
BRDA:96,9,1,0
BRDA:99,10,0,0
BRDA:99,10,1,0
BRF:29
BRH:0
end_of_record
TN:
SF:src/routes/users/me/languages/deleteUserLanguages.ts
FN:3,_callee
FNF:1
FNH:0
FNDA:0,_callee
DA:1,1
DA:3,0
DA:4,0
DA:7,0
DA:10,0
LF:5
LH:1
BRDA:3,0,0,0
BRDA:3,0,1,0
BRDA:3,0,2,0
BRDA:3,0,3,0
BRDA:3,0,4,0
BRDA:10,1,0,0
BRDA:10,2,0,0
BRDA:10,2,1,0
BRF:8
BRH:0
end_of_record
TN:
SF:src/routes/users/me/languages/getAvailableLanguages.ts
FN:3,_callee
FN:12,(anonymous_5)
FNF:2
FNH:0
FNDA:0,_callee
FNDA:0,(anonymous_5)
DA:1,1
DA:3,0
DA:5,0
DA:6,0
DA:7,0
DA:12,0
DA:17,0
LF:7
LH:1
BRDA:3,0,0,0
BRDA:3,0,1,0
BRDA:3,0,2,0
BRDA:3,0,3,0
BRDA:3,0,4,0
BRDA:3,0,5,0
BRDA:3,1,0,0
BRDA:17,2,0,0
BRDA:17,3,0,0
BRDA:17,3,1,0
BRF:10
BRH:0
end_of_record
TN:
SF:src/routes/users/me/languages/getUserLanguages.ts
FN:3,_callee
FNF:1
FNH:0
FNDA:0,_callee
DA:1,1
DA:3,0
DA:7,0
DA:11,0
DA:15,0
LF:5
LH:1
BRDA:3,0,0,0
BRDA:3,0,1,0
BRDA:3,0,2,0
BRDA:3,0,3,0
BRDA:3,0,4,0
BRDA:3,0,5,0
BRDA:3,1,0,0
BRDA:15,2,0,0
BRDA:15,3,0,0
BRDA:15,3,1,0
BRF:10
BRH:0
end_of_record
TN:
SF:src/routes/users/me/languages/_put/index.ts
FN:9,_callee
FN:16,(anonymous_6)
FN:18,(anonymous_7)
FN:31,(anonymous_8)
FN:59,(anonymous_9)
FNF:5
FNH:0
FNDA:0,_callee
FNDA:0,(anonymous_6)
FNDA:0,(anonymous_7)
FNDA:0,(anonymous_8)
FNDA:0,(anonymous_9)
DA:1,1
DA:4,1
DA:5,1
DA:6,1
DA:9,0
DA:16,0
DA:17,0
DA:18,0
DA:19,0
DA:20,0
DA:24,0
DA:28,0
DA:29,0
DA:30,0
DA:31,0
DA:32,0
DA:33,0
DA:37,0
DA:41,0
DA:57,0
DA:58,0
DA:59,0
DA:61,0
LF:23
LH:4
BRDA:9,0,0,0
BRDA:9,0,1,0
BRDA:9,0,2,0
BRDA:9,0,3,0
BRDA:9,0,4,0
BRDA:9,0,5,0
BRDA:9,0,6,0
BRDA:9,0,7,0
BRDA:9,0,8,0
BRDA:9,0,9,0
BRDA:9,0,10,0
BRDA:19,1,0,0
BRDA:9,2,0,0
BRDA:41,3,0,0
BRDA:41,4,0,0
BRDA:41,4,1,0
BRDA:43,5,0,0
BRDA:43,5,1,0
BRDA:61,6,0,0
BRDA:61,6,1,0
BRF:20
BRH:0
end_of_record
TN:
SF:src/routes/users/me/popups/getByUser.ts
FN:3,_callee
FN:69,mapQueryToObject
FN:87,(anonymous_13)
FNF:3
FNH:0
FNDA:0,_callee
FNDA:0,mapQueryToObject
FNDA:0,(anonymous_13)
DA:1,1
DA:3,0
DA:5,0
DA:11,0
DA:15,0
DA:17,0
DA:18,0
DA:19,0
DA:22,0
DA:24,0
DA:25,0
DA:26,0
DA:27,0
DA:28,0
DA:38,0
DA:39,0
DA:42,0
DA:47,0
DA:51,0
DA:52,0
DA:57,0
DA:69,1
DA:77,0
DA:83,0
DA:84,0
DA:85,0
DA:86,0
DA:87,0
DA:88,0
DA:91,0
DA:94,0
LF:31
LH:2
BRDA:3,0,0,0
BRDA:3,0,1,0
BRDA:3,0,2,0
BRDA:3,0,3,0
BRDA:3,0,4,0
BRDA:3,0,5,0
BRDA:3,0,6,0
BRDA:3,0,7,0
BRDA:3,1,0,0
BRDA:3,1,1,0
BRDA:3,2,0,0
BRDA:3,2,1,0
BRDA:3,3,0,0
BRDA:18,4,0,0
BRDA:27,5,0,0
BRDA:40,6,0,0
BRDA:40,6,1,0
BRDA:43,7,0,0
BRDA:43,7,1,0
BRDA:78,8,0,0
BRDA:78,8,1,0
BRDA:79,9,0,0
BRDA:79,9,1,0
BRDA:80,10,0,0
BRDA:80,10,1,0
BRDA:81,11,0,0
BRDA:81,11,1,0
BRDA:83,12,0,0
BRDA:84,13,0,0
BRDA:84,13,1,0
BRDA:86,14,0,0
BRDA:88,15,0,0
BRF:32
BRH:0
end_of_record
TN:
SF:src/routes/users/me/popups/_get/index.ts
FN:5,_callee
FNF:1
FNH:0
FNDA:0,_callee
DA:3,1
DA:5,0
DA:11,0
DA:16,0
DA:18,0
DA:21,0
LF:6
LH:1
BRDA:5,0,0,0
BRDA:5,0,1,0
BRDA:5,0,2,0
BRDA:5,0,3,0
BRDA:5,0,4,0
BRDA:12,1,0,0
BRDA:12,1,1,0
BRDA:12,1,2,0
BRF:8
BRH:0
end_of_record
TN:
SF:src/routes/users/me/popups/_get/popupId/_get/index.ts
FN:7,_callee
FN:16,(anonymous_6)
FNF:2
FNH:0
FNDA:0,_callee
FNDA:0,(anonymous_6)
DA:1,1
DA:4,1
DA:7,0
DA:13,0
DA:14,0
DA:16,0
DA:27,0
DA:30,0
LF:8
LH:2
BRDA:7,0,0,0
BRDA:7,0,1,0
BRDA:7,0,2,0
BRDA:7,0,3,0
BRDA:7,0,4,0
BRDA:7,0,5,0
BRDA:7,0,6,0
BRDA:15,1,0,0
BRDA:15,1,1,0
BRDA:7,2,0,0
BRF:10
BRH:0
end_of_record
